./TypeCNN -v resources/cifar10/test_batch.bin -c net.xml --type-info -t resources/cifar10/data_batch.bin --optimizer sgd --periodic-output 1000 -l 0.001 --periodic-validation --keep-best -e 5
=== ForwardType ===
Min: 1.17549435082228750796873653722e-38
Max: 3.40282346638528859811704183485e+38
Eps: 1.1920928955078125e-07
=== BackwardType ===
Min: 1.17549435082228750796873653722e-38
Max: 3.40282346638528859811704183485e+38
Eps: 1.1920928955078125e-07
=== WeightType ===
Min: 1.17549435082228750796873653722e-38
Max: 3.40282346638528859811704183485e+38
Eps: 1.1920928955078125e-07

Succesfully classified 7307 out of 10000
	Success rate: 73.07 %
	Error   rate: 26.93 %

(1000/50000): 0.0275013
(2000/50000): 0.0268443
(3000/50000): 0.0269001
(4000/50000): 0.0293174
(5000/50000): 0.0269389
(6000/50000): 0.0288656
(7000/50000): 0.0267221
(8000/50000): 0.0272223
(9000/50000): 0.0281503
(10000/50000): 0.0283804
(11000/50000): 0.0297862
(12000/50000): 0.0285573
(13000/50000): 0.0284051
(14000/50000): 0.0280819
(15000/50000): 0.0275072
(16000/50000): 0.0279919
(17000/50000): 0.0272783
(18000/50000): 0.0276799
(19000/50000): 0.0290696
(20000/50000): 0.0290356
(21000/50000): 0.0265651
(22000/50000): 0.0293097
(23000/50000): 0.0288433
(24000/50000): 0.0262192
(25000/50000): 0.0278631
(26000/50000): 0.0289195
(27000/50000): 0.0268144
(28000/50000): 0.0285071
(29000/50000): 0.027179
(30000/50000): 0.0251228
(31000/50000): 0.0285912
(32000/50000): 0.0277823
(33000/50000): 0.0298803
(34000/50000): 0.0304926
(35000/50000): 0.0291823
(36000/50000): 0.0285024
(37000/50000): 0.0281449
(38000/50000): 0.0296781
(39000/50000): 0.027366
(40000/50000): 0.0290665
(41000/50000): 0.0277556
(42000/50000): 0.0271571
(43000/50000): 0.0285387
(44000/50000): 0.0274369
(45000/50000): 0.0277019
(46000/50000): 0.0245556
(47000/50000): 0.0284832
(48000/50000): 0.0287985
(49000/50000): 0.0251304
(50000/50000): 0.0267052
Error in epoch 1: 0.0279305 (1266.72 s)
Succesfully classified 7315 out of 10000
	Success rate: 73.15 %
	Error   rate: 26.85 %

(1000/50000): 0.0271172
(2000/50000): 0.0269985
(3000/50000): 0.0263557
(4000/50000): 0.0295831
(5000/50000): 0.026513
(6000/50000): 0.0284181
(7000/50000): 0.0255384
(8000/50000): 0.0266841
(9000/50000): 0.0268825
(10000/50000): 0.0279067
(11000/50000): 0.0293453
(12000/50000): 0.0278856
(13000/50000): 0.0280544
(14000/50000): 0.0273314
(15000/50000): 0.0270793
(16000/50000): 0.0274293
(17000/50000): 0.0273613
(18000/50000): 0.0277175
(19000/50000): 0.0286825
(20000/50000): 0.0281913
(21000/50000): 0.0252445
(22000/50000): 0.0289488
(23000/50000): 0.0290738
(24000/50000): 0.0249864
(25000/50000): 0.0271842
(26000/50000): 0.0281582
(27000/50000): 0.0260594
(28000/50000): 0.0280792
(29000/50000): 0.026989
(30000/50000): 0.0238521
(31000/50000): 0.0279934
(32000/50000): 0.0279144
(33000/50000): 0.0286437
(34000/50000): 0.0301736
(35000/50000): 0.0288785
(36000/50000): 0.0278507
(37000/50000): 0.0277043
(38000/50000): 0.0295707
(39000/50000): 0.0265572
(40000/50000): 0.0284398
(41000/50000): 0.0280188
(42000/50000): 0.0269031
(43000/50000): 0.0279533
(44000/50000): 0.0276224
(45000/50000): 0.0266483
(46000/50000): 0.024628
(47000/50000): 0.0281219
(48000/50000): 0.0285636
(49000/50000): 0.0249225
(50000/50000): 0.0258946
Error in epoch 2: 0.0274528 (1237.84 s)
Succesfully classified 7330 out of 10000
	Success rate: 73.3 %
	Error   rate: 26.7 %

(1000/50000): 0.0277179
(2000/50000): 0.026512
(3000/50000): 0.0255843
(4000/50000): 0.0288053
(5000/50000): 0.026217
(6000/50000): 0.0285162
(7000/50000): 0.0255259
(8000/50000): 0.0265979
(9000/50000): 0.0265828
(10000/50000): 0.0278849
(11000/50000): 0.0287198
(12000/50000): 0.0276555
(13000/50000): 0.0272292
(14000/50000): 0.0269345
(15000/50000): 0.0271449
(16000/50000): 0.0267147
(17000/50000): 0.0267523
(18000/50000): 0.0271079
(19000/50000): 0.0277704
(20000/50000): 0.0280724
(21000/50000): 0.0258242
(22000/50000): 0.0282985
(23000/50000): 0.029298
(24000/50000): 0.0259557
(25000/50000): 0.0262558
(26000/50000): 0.0272682
(27000/50000): 0.0255672
(28000/50000): 0.0270049
(29000/50000): 0.0263907
(30000/50000): 0.0241263
(31000/50000): 0.0277508
(32000/50000): 0.027873
(33000/50000): 0.0283698
(34000/50000): 0.0301331
(35000/50000): 0.0284029
(36000/50000): 0.0280048
(37000/50000): 0.0273279
(38000/50000): 0.0290535
(39000/50000): 0.0260064
(40000/50000): 0.028367
(41000/50000): 0.0270443
(42000/50000): 0.0264968
(43000/50000): 0.0281306
(44000/50000): 0.0272745
(45000/50000): 0.0268194
(46000/50000): 0.0239521
(47000/50000): 0.0277456
(48000/50000): 0.0277572
(49000/50000): 0.0247619
(50000/50000): 0.0258268
Error in epoch 3: 0.0271427 (1228.39 s)
Succesfully classified 7346 out of 10000
	Success rate: 73.46 %
	Error   rate: 26.54 %

(1000/50000): 0.0262824
(2000/50000): 0.0254771
(3000/50000): 0.0256521
(4000/50000): 0.0282541
(5000/50000): 0.0253647
(6000/50000): 0.0275795
(7000/50000): 0.0252718
(8000/50000): 0.025727
(9000/50000): 0.0262613
(10000/50000): 0.0274965
(11000/50000): 0.0281168
(12000/50000): 0.0273113
(13000/50000): 0.027359
(14000/50000): 0.0262605
(15000/50000): 0.026844
(16000/50000): 0.0268543
(17000/50000): 0.0258302
(18000/50000): 0.0266704
(19000/50000): 0.0274063
(20000/50000): 0.027655
(21000/50000): 0.0251426
(22000/50000): 0.0284285
(23000/50000): 0.0283552
(24000/50000): 0.0253638
(25000/50000): 0.0260652
(26000/50000): 0.0275993
(27000/50000): 0.0259218
(28000/50000): 0.0273359
(29000/50000): 0.0259967
(30000/50000): 0.0240118
(31000/50000): 0.0277332
(32000/50000): 0.0274936
(33000/50000): 0.0281065
(34000/50000): 0.0300197
(35000/50000): 0.0280704
(36000/50000): 0.0275713
(37000/50000): 0.0269257
(38000/50000): 0.0288301
(39000/50000): 0.026015
(40000/50000): 0.0286274
(41000/50000): 0.0272717
(42000/50000): 0.0261108
(43000/50000): 0.0275852
(44000/50000): 0.0270591
(45000/50000): 0.0264027
(46000/50000): 0.0243034
(47000/50000): 0.0278833
(48000/50000): 0.0282945
(49000/50000): 0.0243143
(50000/50000): 0.0254438
Error in epoch 4: 0.026839 (1683.03 s)
Succesfully classified 7349 out of 10000
	Success rate: 73.49 %
	Error   rate: 26.51 %

(1000/50000): 0.0257359
(2000/50000): 0.0250566
(3000/50000): 0.0255301
(4000/50000): 0.0280015
(5000/50000): 0.0256675
(6000/50000): 0.0267664
(7000/50000): 0.0257254
(8000/50000): 0.0259166
(9000/50000): 0.0263389
(10000/50000): 0.0264575
(11000/50000): 0.0281746
(12000/50000): 0.0272203
(13000/50000): 0.0268679
(14000/50000): 0.0268828
(15000/50000): 0.0269671
(16000/50000): 0.0265552
(17000/50000): 0.0257968
(18000/50000): 0.0262484
(19000/50000): 0.0270976
(20000/50000): 0.0277059
(21000/50000): 0.0248645
(22000/50000): 0.0278513
(23000/50000): 0.0280976
(24000/50000): 0.0252097
(25000/50000): 0.0261874
(26000/50000): 0.0269345
(27000/50000): 0.0252267
(28000/50000): 0.0266417
(29000/50000): 0.0258152
(30000/50000): 0.0241699
(31000/50000): 0.0273579
(32000/50000): 0.0272577
(33000/50000): 0.0278022
(34000/50000): 0.0292709
(35000/50000): 0.0277195
(36000/50000): 0.0277431
(37000/50000): 0.0265663
(38000/50000): 0.0281846
(39000/50000): 0.0259818
(40000/50000): 0.0274416
(41000/50000): 0.0269933
(42000/50000): 0.0262135
(43000/50000): 0.0277831
(44000/50000): 0.0266565
(45000/50000): 0.0261352
(46000/50000): 0.0237091
(47000/50000): 0.0273491
(48000/50000): 0.0272473
(49000/50000): 0.024208
(50000/50000): 0.0247004
Error in epoch 5: 0.0265605 (2004.72 s)
Succesfully classified 7359 out of 10000
	Success rate: 73.59 %
	Error   rate: 26.41 %

Total training time: 8805.4 s
