=== ForwardType ===
Min: 1.17549435082228750796873653722e-38
Max: 3.40282346638528859811704183485e+38
Eps: 1.1920928955078125e-07
=== BackwardType ===
Min: 1.17549435082228750796873653722e-38
Max: 3.40282346638528859811704183485e+38
Eps: 1.1920928955078125e-07
=== WeightType ===
Min: 1.17549435082228750796873653722e-38
Max: 3.40282346638528859811704183485e+38
Eps: 1.1920928955078125e-07
=== Training ===
Succesfully classified 1000 out of 10000
	Success rate: 10 %
	Error   rate: 90 %

(10000/50000): 0.0923247
(20000/50000): 0.0893112
(30000/50000): 0.0860842
(40000/50000): 0.0844024
(50000/50000): 0.0834273
Error in epoch 1: 0.0871103 (617.303 s)
Succesfully classified 2811 out of 10000
	Success rate: 28.11 %
	Error   rate: 71.89 %

(10000/50000): 0.0827675
(20000/50000): 0.0818144
(30000/50000): 0.0804741
(40000/50000): 0.0779834
(50000/50000): 0.0755129
Error in epoch 2: 0.0797105 (679.524 s)
Succesfully classified 4224 out of 10000
	Success rate: 42.24 %
	Error   rate: 57.76 %

(10000/50000): 0.0734263
(20000/50000): 0.0721135
(30000/50000): 0.0703136
(40000/50000): 0.0692118
(50000/50000): 0.0690105
Error in epoch 3: 0.0708148 (710.253 s)
Succesfully classified 4917 out of 10000
	Success rate: 49.17 %
	Error   rate: 50.83 %

(10000/50000): 0.0672416
(20000/50000): 0.0668696
(30000/50000): 0.0660624
(40000/50000): 0.0658733
(50000/50000): 0.0651137
Error in epoch 4: 0.0662318 (731.535 s)
Succesfully classified 4824 out of 10000
	Success rate: 48.24 %
	Error   rate: 51.76 %

(10000/50000): 0.063727
(20000/50000): 0.0638061
(30000/50000): 0.0625142
(40000/50000): 0.0627308
(50000/50000): 0.0635485
Error in epoch 5: 0.063265 (722.877 s)
Succesfully classified 5142 out of 10000
	Success rate: 51.42 %
	Error   rate: 48.58 %

(10000/50000): 0.060987
(20000/50000): 0.0616609
(30000/50000): 0.060884
(40000/50000): 0.0605217
(50000/50000): 0.0599657
Error in epoch 6: 0.060804 (732.386 s)
Succesfully classified 5407 out of 10000
	Success rate: 54.07 %
	Error   rate: 45.93 %

(10000/50000): 0.05849
(20000/50000): 0.0590214
(30000/50000): 0.0589331
(40000/50000): 0.0582876
(50000/50000): 0.0585027
Error in epoch 7: 0.0586464 (745.097 s)
Succesfully classified 5508 out of 10000
	Success rate: 55.08 %
	Error   rate: 44.92 %

(10000/50000): 0.0567382
(20000/50000): 0.056264
(30000/50000): 0.0564555
(40000/50000): 0.057194
(50000/50000): 0.0574536
Error in epoch 8: 0.0568211 (737.948 s)
Succesfully classified 5676 out of 10000
	Success rate: 56.76 %
	Error   rate: 43.24 %

(10000/50000): 0.0550745
(20000/50000): 0.0554999
(30000/50000): 0.0559598
(40000/50000): 0.0554136
(50000/50000): 0.0545576
Error in epoch 9: 0.0553013 (714.977 s)
Succesfully classified 5626 out of 10000
	Success rate: 56.26 %
	Error   rate: 43.74 %

(10000/50000): 0.0532406
(20000/50000): 0.0537862
(30000/50000): 0.0536173
(40000/50000): 0.0538722
(50000/50000): 0.0543465
Error in epoch 10: 0.0537723 (710.366 s)
Succesfully classified 5865 out of 10000
	Success rate: 58.65 %
	Error   rate: 41.35 %

(10000/50000): 0.0516963
(20000/50000): 0.0528801
(30000/50000): 0.0530107
(40000/50000): 0.05304
(50000/50000): 0.053147
Error in epoch 11: 0.0527548 (699.173 s)
Succesfully classified 5982 out of 10000
	Success rate: 59.82 %
	Error   rate: 40.18 %

(10000/50000): 0.0507755
(20000/50000): 0.0514769
(30000/50000): 0.0521161
(40000/50000): 0.051879
(50000/50000): 0.0517237
Error in epoch 12: 0.0515943 (717.344 s)
Succesfully classified 6040 out of 10000
	Success rate: 60.4 %
	Error   rate: 39.6 %

(10000/50000): 0.0501724
(20000/50000): 0.0501922
(30000/50000): 0.0503507
(40000/50000): 0.0502153
(50000/50000): 0.0511898
Error in epoch 13: 0.0504239 (700.768 s)
Succesfully classified 5852 out of 10000
	Success rate: 58.52 %
	Error   rate: 41.48 %

(10000/50000): 0.0489297
(20000/50000): 0.0497405
(30000/50000): 0.0497824
(40000/50000): 0.0493354
(50000/50000): 0.0502965
Error in epoch 14: 0.0496167 (705.8 s)
Succesfully classified 6151 out of 10000
	Success rate: 61.51 %
	Error   rate: 38.49 %

(10000/50000): 0.0483034
(20000/50000): 0.0480317
(30000/50000): 0.0489698
(40000/50000): 0.0495366
(50000/50000): 0.0489987
Error in epoch 15: 0.0487676 (708.986 s)
Succesfully classified 5972 out of 10000
	Success rate: 59.72 %
	Error   rate: 40.28 %

(10000/50000): 0.0467973
(20000/50000): 0.0479042
(30000/50000): 0.048601
(40000/50000): 0.0484924
(50000/50000): 0.0487732
Error in epoch 16: 0.0481133 (723.243 s)
Succesfully classified 5985 out of 10000
	Success rate: 59.85 %
	Error   rate: 40.15 %

(10000/50000): 0.0464544
(20000/50000): 0.0467522
(30000/50000): 0.0478354
(40000/50000): 0.0481286
(50000/50000): 0.0476098
Error in epoch 17: 0.047356 (724.6 s)
Succesfully classified 6159 out of 10000
	Success rate: 61.59 %
	Error   rate: 38.41 %

(10000/50000): 0.0451836
(20000/50000): 0.0475743
(30000/50000): 0.047064
(40000/50000): 0.0468582
(50000/50000): 0.0477349
Error in epoch 18: 0.0468825 (669.467 s)
Succesfully classified 6058 out of 10000
	Success rate: 60.58 %
	Error   rate: 39.42 %

(10000/50000): 0.044429
(20000/50000): 0.0452385
(30000/50000): 0.045753
(40000/50000): 0.0468153
(50000/50000): 0.0478328
Error in epoch 19: 0.0460135 (660.967 s)
Succesfully classified 6166 out of 10000
	Success rate: 61.66 %
	Error   rate: 38.34 %

(10000/50000): 0.0440545
(20000/50000): 0.0455374
(30000/50000): 0.0456325
(40000/50000): 0.0460203
(50000/50000): 0.0461851
Error in epoch 20: 0.0454856 (665.999 s)
Succesfully classified 6220 out of 10000
	Success rate: 62.2 %
	Error   rate: 37.8 %

Total training time: 15905.7 s
