======================== Base net training ========================
=== ForwardType ===
Min: 1.17549435082228750796873653722e-38
Max: 3.40282346638528859811704183485e+38
Eps: 1.1920928955078125e-07
=== BackwardType ===
Min: 1.17549435082228750796873653722e-38
Max: 3.40282346638528859811704183485e+38
Eps: 1.1920928955078125e-07
=== WeightType ===
Min: 1.17549435082228750796873653722e-38
Max: 3.40282346638528859811704183485e+38
Eps: 1.1920928955078125e-07

(5000/60000): 0.0713932
(10000/60000): 0.0181673
(15000/60000): 0.0128167
(20000/60000): 0.0106761
(25000/60000): 0.00948865
(30000/60000): 0.00888827
(35000/60000): 0.00791347
(40000/60000): 0.00777602
(45000/60000): 0.00659474
(50000/60000): 0.00601341
(55000/60000): 0.0063935
(60000/60000): 0.00596362
Error in epoch 1: 0.0143404 (90.3303 s)
(5000/60000): 0.00526342
(10000/60000): 0.00561115
(15000/60000): 0.00527074
(20000/60000): 0.00534176
(25000/60000): 0.00494154
(30000/60000): 0.00483088
(35000/60000): 0.00483307
(40000/60000): 0.00486541
(45000/60000): 0.00495368
(50000/60000): 0.00451892
(55000/60000): 0.00479642
(60000/60000): 0.00479954
Error in epoch 2: 0.00500223 (90.7712 s)
(5000/60000): 0.00448018
(10000/60000): 0.00375152
(15000/60000): 0.00442714
(20000/60000): 0.00416835
(25000/60000): 0.00435158
(30000/60000): 0.00420507
(35000/60000): 0.00415432
(40000/60000): 0.00385552
(45000/60000): 0.00401301
(50000/60000): 0.0040436
(55000/60000): 0.00396512
(60000/60000): 0.00428794
Error in epoch 3: 0.00414198 (90.2071 s)
(5000/60000): 0.00376058
(10000/60000): 0.00379896
(15000/60000): 0.00349843
(20000/60000): 0.00417735
(25000/60000): 0.00375971
(30000/60000): 0.00360429
(35000/60000): 0.00389002
(40000/60000): 0.00384426
(45000/60000): 0.00353564
(50000/60000): 0.00345363
(55000/60000): 0.0035044
(60000/60000): 0.00386031
Error in epoch 4: 0.00372399 (88.1054 s)
(5000/60000): 0.0036178
(10000/60000): 0.00342431
(15000/60000): 0.0034821
(20000/60000): 0.00371744
(25000/60000): 0.00350817
(30000/60000): 0.00405304
(35000/60000): 0.00329131
(40000/60000): 0.00342477
(45000/60000): 0.00318174
(50000/60000): 0.00369778
(55000/60000): 0.003725
(60000/60000): 0.00338292
Error in epoch 5: 0.00354218 (87.8242 s)
(5000/60000): 0.0032096
(10000/60000): 0.00350223
(15000/60000): 0.00352445
(20000/60000): 0.00342758
(25000/60000): 0.00357422
(30000/60000): 0.00359715
(35000/60000): 0.00342359
(40000/60000): 0.0034597
(45000/60000): 0.00320054
(50000/60000): 0.00351599
(55000/60000): 0.00327001
(60000/60000): 0.00316135
Error in epoch 6: 0.00340553 (86.7052 s)
(5000/60000): 0.00293692
(10000/60000): 0.00328573
(15000/60000): 0.00334359
(20000/60000): 0.00338066
(25000/60000): 0.00336001
(30000/60000): 0.00362671
(35000/60000): 0.00342453
(40000/60000): 0.00340275
(45000/60000): 0.00305566
(50000/60000): 0.00334504
(55000/60000): 0.00325722
(60000/60000): 0.00342124
Error in epoch 7: 0.00332001 (86.6981 s)
(5000/60000): 0.00326637
(10000/60000): 0.00320549
(15000/60000): 0.00288816
(20000/60000): 0.00322162
(25000/60000): 0.00337324
(30000/60000): 0.0038378
(35000/60000): 0.00292919
(40000/60000): 0.0029619
(45000/60000): 0.00284044
(50000/60000): 0.00320857
(55000/60000): 0.00324416
(60000/60000): 0.00330728
Error in epoch 8: 0.00319034 (86.6274 s)
(5000/60000): 0.00282398
(10000/60000): 0.00269425
(15000/60000): 0.0030911
(20000/60000): 0.00340503
(25000/60000): 0.0032245
(30000/60000): 0.00311803
(35000/60000): 0.00344442
(40000/60000): 0.0032757
(45000/60000): 0.00336871
(50000/60000): 0.0032301
(55000/60000): 0.0031982
(60000/60000): 0.00326941
Error in epoch 9: 0.0031786 (87.4847 s)
(5000/60000): 0.00285043
(10000/60000): 0.00304298
(15000/60000): 0.00324845
(20000/60000): 0.00343126
(25000/60000): 0.00323237
(30000/60000): 0.00315177
(35000/60000): 0.00275711
(40000/60000): 0.00288357
(45000/60000): 0.00328897
(50000/60000): 0.00297366
(55000/60000): 0.00321811
(60000/60000): 0.00395818
Error in epoch 10: 0.00316973 (86.5127 s)
Total training time: 882.573 s
Succesfully classified 9855 out of 10000
	Success rate: 98.55 %
	Error   rate: 1.45 %
