== Training on Fixed Point from beginning (0.0001) ==
============= Double ==============
=== ForwardType ===
Min: 2.22507385850720138309023271733e-308
Max: 1.79769313486231570814527423732e+308
Eps: 2.22044604925031308084726333618e-16
=== BackwardType ===
Min: 2.22507385850720138309023271733e-308
Max: 1.79769313486231570814527423732e+308
Eps: 2.22044604925031308084726333618e-16
=== WeightType ===
Min: 2.22507385850720138309023271733e-308
Max: 1.79769313486231570814527423732e+308
Eps: 2.22044604925031308084726333618e-16

Succesfully classified 1032 out of 10000
	Success rate: 10.32 %
	Error   rate: 89.68 %

(5000/60000): 0.0394733
(10000/60000): 0.0176876
(15000/60000): 0.0141181
(20000/60000): 0.0109504
(25000/60000): 0.00985455
(30000/60000): 0.00929176
(35000/60000): 0.00878445
(40000/60000): 0.00784442
(45000/60000): 0.00753328
(50000/60000): 0.00784209
(55000/60000): 0.00651806
(60000/60000): 0.00510445
Error in epoch 1: 0.0120835 (267.851 s)
Succesfully classified 9697 out of 10000
	Success rate: 96.97 %
	Error   rate: 3.03 %

(5000/60000): 0.00563232
(10000/60000): 0.00581038
(15000/60000): 0.0053772
(20000/60000): 0.00504255
(25000/60000): 0.00458263
(30000/60000): 0.00492385
(35000/60000): 0.00462093
(40000/60000): 0.00445375
(45000/60000): 0.00424193
(50000/60000): 0.00472918
(55000/60000): 0.00389521
(60000/60000): 0.0032035
Error in epoch 2: 0.00470948 (272.418 s)
Succesfully classified 9780 out of 10000
	Success rate: 97.8 %
	Error   rate: 2.2 %

(5000/60000): 0.00369513
(10000/60000): 0.00384247
(15000/60000): 0.00345184
(20000/60000): 0.00339709
(25000/60000): 0.00312632
(30000/60000): 0.0035563
(35000/60000): 0.0033194
(40000/60000): 0.00338175
(45000/60000): 0.00316074
(50000/60000): 0.00370128
(55000/60000): 0.00297617
(60000/60000): 0.00254158
Error in epoch 3: 0.00334582 (272.817 s)
Succesfully classified 9831 out of 10000
	Success rate: 98.31 %
	Error   rate: 1.69 %

(5000/60000): 0.00299715
(10000/60000): 0.00305582
(15000/60000): 0.00270393
(20000/60000): 0.00273787
(25000/60000): 0.00252033
(30000/60000): 0.00291228
(35000/60000): 0.00269378
(40000/60000): 0.00284932
(45000/60000): 0.0025602
(50000/60000): 0.00312689
(55000/60000): 0.00255444
(60000/60000): 0.00211858
Error in epoch 4: 0.00273589 (289.854 s)
Succesfully classified 9855 out of 10000
	Success rate: 98.55 %
	Error   rate: 1.45 %

(5000/60000): 0.00251424
(10000/60000): 0.0026317
(15000/60000): 0.00219655
(20000/60000): 0.00228391
(25000/60000): 0.00217289
(30000/60000): 0.00248176
(35000/60000): 0.00225475
(40000/60000): 0.00249925
(45000/60000): 0.00219427
(50000/60000): 0.0026725
(55000/60000): 0.0022447
(60000/60000): 0.00184607
Error in epoch 5: 0.00233271 (280.614 s)
Succesfully classified 9852 out of 10000
	Success rate: 98.52 %
	Error   rate: 1.48 %

Total training time: 1428.99 s
============= Float ==============
=== ForwardType ===
Min: 1.17549435082228750796873653722e-38
Max: 3.40282346638528859811704183485e+38
Eps: 1.1920928955078125e-07
=== BackwardType ===
Min: 1.17549435082228750796873653722e-38
Max: 3.40282346638528859811704183485e+38
Eps: 1.1920928955078125e-07
=== WeightType ===
Min: 1.17549435082228750796873653722e-38
Max: 3.40282346638528859811704183485e+38
Eps: 1.1920928955078125e-07

Succesfully classified 1032 out of 10000
	Success rate: 10.32 %
	Error   rate: 89.68 %

(5000/60000): 0.0394628
(10000/60000): 0.0176693
(15000/60000): 0.0140922
(20000/60000): 0.0109209
(25000/60000): 0.00978721
(30000/60000): 0.00921313
(35000/60000): 0.00865804
(40000/60000): 0.00768849
(45000/60000): 0.00734082
(50000/60000): 0.00765058
(55000/60000): 0.00636818
(60000/60000): 0.0049646
Error in epoch 1: 0.0119848 (229.607 s)
Succesfully classified 9715 out of 10000
	Success rate: 97.15 %
	Error   rate: 2.85 %

(5000/60000): 0.0054836
(10000/60000): 0.00565128
(15000/60000): 0.00518151
(20000/60000): 0.00484504
(25000/60000): 0.00440166
(30000/60000): 0.00472993
(35000/60000): 0.00442205
(40000/60000): 0.00426183
(45000/60000): 0.0040597
(50000/60000): 0.00452973
(55000/60000): 0.00377132
(60000/60000): 0.00314457
Error in epoch 2: 0.00454019 (260.556 s)
Succesfully classified 9814 out of 10000
	Success rate: 98.14 %
	Error   rate: 1.86 %

(5000/60000): 0.00354944
(10000/60000): 0.00368061
(15000/60000): 0.0032187
(20000/60000): 0.00321388
(25000/60000): 0.00298631
(30000/60000): 0.00337573
(35000/60000): 0.00314881
(40000/60000): 0.00328792
(45000/60000): 0.00293184
(50000/60000): 0.00357591
(55000/60000): 0.00292106
(60000/60000): 0.00247133
Error in epoch 3: 0.00319679 (261.405 s)
Succesfully classified 9848 out of 10000
	Success rate: 98.48 %
	Error   rate: 1.52 %

(5000/60000): 0.00285296
(10000/60000): 0.00301038
(15000/60000): 0.00243308
(20000/60000): 0.00253016
(25000/60000): 0.00244105
(30000/60000): 0.00281404
(35000/60000): 0.0025529
(40000/60000): 0.00276988
(45000/60000): 0.00237568
(50000/60000): 0.00302083
(55000/60000): 0.00251837
(60000/60000): 0.00210317
Error in epoch 4: 0.00261854 (269.901 s)
Succesfully classified 9857 out of 10000
	Success rate: 98.57 %
	Error   rate: 1.43 %

(5000/60000): 0.00239653
(10000/60000): 0.0025122
(15000/60000): 0.00197426
(20000/60000): 0.00212718
(25000/60000): 0.0020959
(30000/60000): 0.00242045
(35000/60000): 0.00217058
(40000/60000): 0.00246128
(45000/60000): 0.00198775
(50000/60000): 0.00262807
(55000/60000): 0.0021478
(60000/60000): 0.0018277
Error in epoch 5: 0.00222915 (274.233 s)
Succesfully classified 9873 out of 10000
	Success rate: 98.73 %
	Error   rate: 1.27 %

Total training time: 1336.28 s
============= FixedPoint<16,16> ==============
=== ForwardType ===
Min: -32768
Max: 32768
Eps: 1.52587890625e-05
=== BackwardType ===
Min: 1.17549435082228750796873653722e-38
Max: 3.40282346638528859811704183485e+38
Eps: 1.1920928955078125e-07
=== WeightType ===
Min: -32768
Max: 32768
Eps: 1.52587890625e-05

Succesfully classified 1032 out of 10000
	Success rate: 10.32 %
	Error   rate: 89.68 %

(5000/60000): 0.0341829
(10000/60000): 0.0190877
(15000/60000): 0.0162446
(20000/60000): 0.0121554
(25000/60000): 0.0107822
(30000/60000): 0.00958239
(35000/60000): 0.00888063
(40000/60000): 0.00777931
(45000/60000): 0.00727557
(50000/60000): 0.00753231
(55000/60000): 0.00600935
(60000/60000): 0.00475851
Error in epoch 1: 0.0120224 (265.54 s)
Succesfully classified 9696 out of 10000
	Success rate: 96.96 %
	Error   rate: 3.04 %

(5000/60000): 0.00528805
(10000/60000): 0.00561665
(15000/60000): 0.00489569
(20000/60000): 0.00468521
(25000/60000): 0.00433151
(30000/60000): 0.00440644
(35000/60000): 0.00426441
(40000/60000): 0.0042214
(45000/60000): 0.00391095
(50000/60000): 0.00435626
(55000/60000): 0.00356384
(60000/60000): 0.00297982
Error in epoch 2: 0.00437669 (261.748 s)
Succesfully classified 9824 out of 10000
	Success rate: 98.24 %
	Error   rate: 1.76 %

(5000/60000): 0.00331753
(10000/60000): 0.00360375
(15000/60000): 0.00299446
(20000/60000): 0.00313411
(25000/60000): 0.00294651
(30000/60000): 0.00313609
(35000/60000): 0.00301324
(40000/60000): 0.0031792
(45000/60000): 0.00272963
(50000/60000): 0.00313984
(55000/60000): 0.0026669
(60000/60000): 0.00228097
Error in epoch 3: 0.00301183 (262.132 s)
Succesfully classified 9840 out of 10000
	Success rate: 98.4 %
	Error   rate: 1.6 %

(5000/60000): 0.00251275
(10000/60000): 0.00273376
(15000/60000): 0.00217776
(20000/60000): 0.00241455
(25000/60000): 0.00234843
(30000/60000): 0.00243069
(35000/60000): 0.00236619
(40000/60000): 0.00264707
(45000/60000): 0.00208199
(50000/60000): 0.00250045
(55000/60000): 0.00216941
(60000/60000): 0.0018461
Error in epoch 4: 0.00235244 (261.584 s)
Succesfully classified 9864 out of 10000
	Success rate: 98.64 %
	Error   rate: 1.36 %

(5000/60000): 0.00204141
(10000/60000): 0.00213284
(15000/60000): 0.00165173
(20000/60000): 0.001914
(25000/60000): 0.00186538
(30000/60000): 0.00197046
(35000/60000): 0.00196658
(40000/60000): 0.00225767
(45000/60000): 0.00168024
(50000/60000): 0.00206362
(55000/60000): 0.00179538
(60000/60000): 0.00149772
Error in epoch 5: 0.00190307 (273.723 s)
Succesfully classified 9878 out of 10000
	Success rate: 98.78 %
	Error   rate: 1.22 %

Total training time: 1462.36 s
============= FixedPoint<8,8> ==============
=== ForwardType ===
Min: -128
Max: 127.99609375
Eps: 0.00390625
=== BackwardType ===
Min: 1.17549435082228750796873653722e-38
Max: 3.40282346638528859811704183485e+38
Eps: 1.1920928955078125e-07
=== WeightType ===
Min: -128
Max: 127.99609375
Eps: 0.00390625

Succesfully classified 1009 out of 10000
	Success rate: 10.09 %
	Error   rate: 89.91 %

(5000/60000): 0.0437762
(10000/60000): 0.0201068
(15000/60000): 0.0159354
(20000/60000): 0.0119077
(25000/60000): 0.010071
(30000/60000): 0.00903168
(35000/60000): 0.00811888
(40000/60000): 0.00722841
(45000/60000): 0.00676573
(50000/60000): 0.00695844
(55000/60000): 0.00557578
(60000/60000): 0.00423888
Error in epoch 1: 0.0124757 (290.563 s)
Succesfully classified 9716 out of 10000
	Success rate: 97.16 %
	Error   rate: 2.84 %

(5000/60000): 0.00495881
(10000/60000): 0.00510348
(15000/60000): 0.00450195
(20000/60000): 0.0043209
(25000/60000): 0.00411798
(30000/60000): 0.00417924
(35000/60000): 0.00384988
(40000/60000): 0.0039033
(45000/60000): 0.00361397
(50000/60000): 0.00387955
(55000/60000): 0.00335371
(60000/60000): 0.0026823
Error in epoch 2: 0.00403883 (291.796 s)
Succesfully classified 9827 out of 10000
	Success rate: 98.27 %
	Error   rate: 1.73 %

(5000/60000): 0.00321647
(10000/60000): 0.00314952
(15000/60000): 0.00276177
(20000/60000): 0.00280029
(25000/60000): 0.00260412
(30000/60000): 0.00273434
(35000/60000): 0.00264212
(40000/60000): 0.00294547
(45000/60000): 0.00247814
(50000/60000): 0.00285205
(55000/60000): 0.00256342
(60000/60000): 0.00197851
Error in epoch 3: 0.00272721 (296.066 s)
Succesfully classified 9862 out of 10000
	Success rate: 98.62 %
	Error   rate: 1.38 %

(5000/60000): 0.00245097
(10000/60000): 0.00239361
(15000/60000): 0.00200313
(20000/60000): 0.00203463
(25000/60000): 0.00192716
(30000/60000): 0.00203374
(35000/60000): 0.00202081
(40000/60000): 0.002448
(45000/60000): 0.001943
(50000/60000): 0.00221736
(55000/60000): 0.00205822
(60000/60000): 0.00153226
Error in epoch 4: 0.00208861 (285.607 s)
Succesfully classified 9867 out of 10000
	Success rate: 98.67 %
	Error   rate: 1.33 %

(5000/60000): 0.0019949
(10000/60000): 0.00191921
(15000/60000): 0.0015649
(20000/60000): 0.00155506
(25000/60000): 0.00148948
(30000/60000): 0.00165034
(35000/60000): 0.00161288
(40000/60000): 0.00206812
(45000/60000): 0.00158037
(50000/60000): 0.00177405
(55000/60000): 0.0016706
(60000/60000): 0.0011874
Error in epoch 5: 0.0016723 (282.061 s)
Succesfully classified 9865 out of 10000
	Success rate: 98.65 %
	Error   rate: 1.35 %

Total training time: 1603.03 s
============= FixedPoint<4,4> ==============
=== ForwardType ===
Min: -8
Max: 7.9375
Eps: 0.0625
=== BackwardType ===
Min: 1.17549435082228750796873653722e-38
Max: 3.40282346638528859811704183485e+38
Eps: 1.1920928955078125e-07
=== WeightType ===
Min: -8
Max: 7.9375
Eps: 0.0625

Succesfully classified 980 out of 10000
	Success rate: 9.8 %
	Error   rate: 90.2 %

(5000/60000): 0.0934875
(10000/60000): 0.0921421
(15000/60000): 0.0921443
(20000/60000): 0.0920981
(25000/60000): 0.0922311
(30000/60000): 0.0920927
(35000/60000): 0.0917918
(40000/60000): 0.0918697
(45000/60000): 0.091431
(50000/60000): 0.0864286
(55000/60000): 0.0749127
(60000/60000): 0.0660969
Error in epoch 1: 0.0880598 (261.612 s)
Succesfully classified 2574 out of 10000
	Success rate: 25.74 %
	Error   rate: 74.26 %

(5000/60000): 0.0808783
(10000/60000): 0.0738113
(15000/60000): 0.0680597
(20000/60000): 0.0690207
(25000/60000): 0.0686141
(30000/60000): 0.0697853
(35000/60000): 0.0703575
(40000/60000): 0.0725187
(45000/60000): 0.0758384
(50000/60000): 0.0750062
(55000/60000): 0.0758805
(60000/60000): 0.0756385
Error in epoch 2: 0.0729511 (271.018 s)
Succesfully classified 3820 out of 10000
	Success rate: 38.2 %
	Error   rate: 61.8 %

(5000/60000): 0.0756979
(10000/60000): 0.0753038
(15000/60000): 0.0727438
(20000/60000): 0.0715907
(25000/60000): 0.0699056
(30000/60000): 0.0680859
(35000/60000): 0.0672754
(40000/60000): 0.0663605
(45000/60000): 0.0675789
(50000/60000): 0.0623599
(55000/60000): 0.064117
(60000/60000): 0.0582993
Error in epoch 3: 0.068277 (270.4 s)
Succesfully classified 5590 out of 10000
	Success rate: 55.9 %
	Error   rate: 44.1 %

(5000/60000): 0.0594851
(10000/60000): 0.0616742
(15000/60000): 0.0586724
(20000/60000): 0.0583526
(25000/60000): 0.0565295
(30000/60000): 0.0579416
(35000/60000): 0.0574212
(40000/60000): 0.0553597
(45000/60000): 0.0554013
(50000/60000): 0.054563
(55000/60000): 0.0543606
(60000/60000): 0.0484261
Error in epoch 4: 0.056516 (251.759 s)
Succesfully classified 6292 out of 10000
	Success rate: 62.92 %
	Error   rate: 37.08 %

(5000/60000): 0.0519814
(10000/60000): 0.0535137
(15000/60000): 0.0518984
(20000/60000): 0.0530914
(25000/60000): 0.0508541
(30000/60000): 0.0527896
(35000/60000): 0.0538662
(40000/60000): 0.0534769
(45000/60000): 0.052642
(50000/60000): 0.0527703
(55000/60000): 0.0521747
(60000/60000): 0.0457578
Error in epoch 5: 0.0520682 (268.734 s)
Succesfully classified 6404 out of 10000
	Success rate: 64.04 %
	Error   rate: 35.96 %

Total training time: 1475.51 s
