== Training on fixed point starting from base net for 5 more epochs (0.01) ==
=================== Double ====================
=== ForwardType ===
Min: 2.22507385850720138309023271733e-308
Max: 1.79769313486231570814527423732e+308
Eps: 2.22044604925031308084726333618e-16
=== BackwardType ===
Min: 2.22507385850720138309023271733e-308
Max: 1.79769313486231570814527423732e+308
Eps: 2.22044604925031308084726333618e-16
=== WeightType ===
Min: 2.22507385850720138309023271733e-308
Max: 1.79769313486231570814527423732e+308
Eps: 2.22044604925031308084726333618e-16

Succesfully classified 9855 out of 10000
	Success rate: 98.55 %
	Error   rate: 1.45 %

(5000/60000): 0.00224906
(10000/60000): 0.00235844
(15000/60000): 0.00193563
(20000/60000): 0.0019608
(25000/60000): 0.00188559
(30000/60000): 0.00217696
(35000/60000): 0.00190516
(40000/60000): 0.00209889
(45000/60000): 0.00209923
(50000/60000): 0.00234659
(55000/60000): 0.00202259
(60000/60000): 0.00164652
Error in epoch 1: 0.00205712 (103.546 s)
Succesfully classified 9902 out of 10000
	Success rate: 99.02 %
	Error   rate: 0.98 %

(5000/60000): 0.0018452
(10000/60000): 0.00208864
(15000/60000): 0.00166169
(20000/60000): 0.00176622
(25000/60000): 0.00166935
(30000/60000): 0.00197243
(35000/60000): 0.00173051
(40000/60000): 0.00196125
(45000/60000): 0.00191809
(50000/60000): 0.00214946
(55000/60000): 0.00188552
(60000/60000): 0.0015333
Error in epoch 2: 0.00184848 (105.791 s)
Succesfully classified 9906 out of 10000
	Success rate: 99.06 %
	Error   rate: 0.94 %

(5000/60000): 0.00173142
(10000/60000): 0.00194385
(15000/60000): 0.00153218
(20000/60000): 0.00164979
(25000/60000): 0.00156171
(30000/60000): 0.00185723
(35000/60000): 0.00162092
(40000/60000): 0.00187687
(45000/60000): 0.00180003
(50000/60000): 0.00200409
(55000/60000): 0.00179753
(60000/60000): 0.00145382
Error in epoch 3: 0.00173579 (98.0777 s)
Succesfully classified 9911 out of 10000
	Success rate: 99.11 %
	Error   rate: 0.89 %

(5000/60000): 0.00164823
(10000/60000): 0.00183376
(15000/60000): 0.00144163
(20000/60000): 0.00156242
(25000/60000): 0.00148429
(30000/60000): 0.00176915
(35000/60000): 0.00153823
(40000/60000): 0.00180817
(45000/60000): 0.00171081
(50000/60000): 0.00189022
(55000/60000): 0.00173299
(60000/60000): 0.00139399
Error in epoch 4: 0.00165117 (96.8526 s)
Succesfully classified 9913 out of 10000
	Success rate: 99.13 %
	Error   rate: 0.87 %

(5000/60000): 0.00158428
(10000/60000): 0.00174287
(15000/60000): 0.00136953
(20000/60000): 0.00148977
(25000/60000): 0.00142436
(30000/60000): 0.00169856
(35000/60000): 0.00146931
(40000/60000): 0.00174683
(45000/60000): 0.00163743
(50000/60000): 0.00179622
(55000/60000): 0.0016782
(60000/60000): 0.00134525
Error in epoch 5: 0.00158189 (99.8583 s)
Succesfully classified 9917 out of 10000
	Success rate: 99.17 %
	Error   rate: 0.83 %

Total training time: 540.126 s
=================== Float ====================
=== ForwardType ===
Min: 1.17549435082228750796873653722e-38
Max: 3.40282346638528859811704183485e+38
Eps: 1.1920928955078125e-07
=== BackwardType ===
Min: 1.17549435082228750796873653722e-38
Max: 3.40282346638528859811704183485e+38
Eps: 1.1920928955078125e-07
=== WeightType ===
Min: 1.17549435082228750796873653722e-38
Max: 3.40282346638528859811704183485e+38
Eps: 1.1920928955078125e-07

Succesfully classified 9855 out of 10000
	Success rate: 98.55 %
	Error   rate: 1.45 %

(5000/60000): 0.00224906
(10000/60000): 0.00235844
(15000/60000): 0.00193562
(20000/60000): 0.0019608
(25000/60000): 0.00188559
(30000/60000): 0.00217684
(35000/60000): 0.00190505
(40000/60000): 0.0020991
(45000/60000): 0.00209951
(50000/60000): 0.00234594
(55000/60000): 0.00202315
(60000/60000): 0.00164608
Error in epoch 1: 0.0020571 (89.9881 s)
Succesfully classified 9902 out of 10000
	Success rate: 99.02 %
	Error   rate: 0.98 %

(5000/60000): 0.00184446
(10000/60000): 0.00208811
(15000/60000): 0.00166308
(20000/60000): 0.00176634
(25000/60000): 0.00166894
(30000/60000): 0.00197128
(35000/60000): 0.00173117
(40000/60000): 0.00196207
(45000/60000): 0.00191781
(50000/60000): 0.00214966
(55000/60000): 0.00188518
(60000/60000): 0.00153284
Error in epoch 2: 0.00184841 (88.6872 s)
Succesfully classified 9907 out of 10000
	Success rate: 99.07 %
	Error   rate: 0.93 %

(5000/60000): 0.00173049
(10000/60000): 0.00194391
(15000/60000): 0.00153216
(20000/60000): 0.00164874
(25000/60000): 0.00156087
(30000/60000): 0.00185694
(35000/60000): 0.00162186
(40000/60000): 0.00187537
(45000/60000): 0.00179848
(50000/60000): 0.00200436
(55000/60000): 0.0017984
(60000/60000): 0.00145456
Error in epoch 3: 0.00173551 (89.8137 s)
Succesfully classified 9911 out of 10000
	Success rate: 99.11 %
	Error   rate: 0.89 %

(5000/60000): 0.001648
(10000/60000): 0.00183472
(15000/60000): 0.0014415
(20000/60000): 0.00156158
(25000/60000): 0.00148361
(30000/60000): 0.0017693
(35000/60000): 0.00153785
(40000/60000): 0.00180867
(45000/60000): 0.00171078
(50000/60000): 0.00189147
(55000/60000): 0.00173176
(60000/60000): 0.00139639
Error in epoch 4: 0.00165131 (87.9578 s)
Succesfully classified 9914 out of 10000
	Success rate: 99.14 %
	Error   rate: 0.86 %

(5000/60000): 0.00158386
(10000/60000): 0.00174273
(15000/60000): 0.001367
(20000/60000): 0.0014891
(25000/60000): 0.00142314
(30000/60000): 0.00169782
(35000/60000): 0.00147128
(40000/60000): 0.00174739
(45000/60000): 0.00163708
(50000/60000): 0.00179737
(55000/60000): 0.00167737
(60000/60000): 0.00134703
Error in epoch 5: 0.00158176 (88.7564 s)
Succesfully classified 9916 out of 10000
	Success rate: 99.16 %
	Error   rate: 0.84 %

Total training time: 479.03 s
============= FixedPoint<16,16> ==============
=== ForwardType ===
Min: -32768
Max: 32768
Eps: 1.52587890625e-05
=== BackwardType ===
Min: 1.17549435082228750796873653722e-38
Max: 3.40282346638528859811704183485e+38
Eps: 1.1920928955078125e-07
=== WeightType ===
Min: -32768
Max: 32768
Eps: 1.52587890625e-05

Succesfully classified 8159 out of 10000
	Success rate: 81.59 %
	Error   rate: 18.41 %

(5000/60000): 0.00542337
(10000/60000): 0.0042219
(15000/60000): 0.0038709
(20000/60000): 0.00324612
(25000/60000): 0.00305976
(30000/60000): 0.00332418
(35000/60000): 0.00297752
(40000/60000): 0.00318078
(45000/60000): 0.00287586
(50000/60000): 0.00324896
(55000/60000): 0.00268823
(60000/60000): 0.0022078
Error in epoch 1: 0.00336044 (159.574 s)
Succesfully classified 9872 out of 10000
	Success rate: 98.72 %
	Error   rate: 1.28 %

(5000/60000): 0.00241276
(10000/60000): 0.00262603
(15000/60000): 0.00224939
(20000/60000): 0.00212876
(25000/60000): 0.0021416
(30000/60000): 0.00247072
(35000/60000): 0.00222879
(40000/60000): 0.00248444
(45000/60000): 0.00226765
(50000/60000): 0.00257374
(55000/60000): 0.00220094
(60000/60000): 0.00182902
Error in epoch 2: 0.00230114 (158.914 s)
Succesfully classified 9891 out of 10000
	Success rate: 98.91 %
	Error   rate: 1.09 %

(5000/60000): 0.00204171
(10000/60000): 0.00227566
(15000/60000): 0.00182234
(20000/60000): 0.00184937
(25000/60000): 0.00184171
(30000/60000): 0.00217191
(35000/60000): 0.00191892
(40000/60000): 0.00221561
(45000/60000): 0.0020307
(50000/60000): 0.00227298
(55000/60000): 0.00198228
(60000/60000): 0.00165864
Error in epoch 3: 0.0020068 (159.326 s)
Succesfully classified 9898 out of 10000
	Success rate: 98.98 %
	Error   rate: 1.02 %

(5000/60000): 0.00185076
(10000/60000): 0.00207647
(15000/60000): 0.00161786
(20000/60000): 0.00168487
(25000/60000): 0.00166712
(30000/60000): 0.0019962
(35000/60000): 0.00173633
(40000/60000): 0.0020523
(45000/60000): 0.00185999
(50000/60000): 0.00207918
(55000/60000): 0.00183936
(60000/60000): 0.00153406
Error in epoch 4: 0.00183288 (157.46 s)
Succesfully classified 9904 out of 10000
	Success rate: 99.04 %
	Error   rate: 0.96 %

(5000/60000): 0.00172133
(10000/60000): 0.00193636
(15000/60000): 0.00148985
(20000/60000): 0.00158812
(25000/60000): 0.00155488
(30000/60000): 0.00187904
(35000/60000): 0.00159514
(40000/60000): 0.00192639
(45000/60000): 0.00174344
(50000/60000): 0.00193607
(55000/60000): 0.00173213
(60000/60000): 0.0014439
Error in epoch 5: 0.00171221 (157.895 s)
Succesfully classified 9911 out of 10000
	Success rate: 99.11 %
	Error   rate: 0.89 %

Total training time: 889.903 s
============= FixedPoint<8,8> ==============
=== ForwardType ===
Min: -128
Max: 127.99609375
Eps: 0.00390625
=== BackwardType ===
Min: 1.17549435082228750796873653722e-38
Max: 3.40282346638528859811704183485e+38
Eps: 1.1920928955078125e-07
=== WeightType ===
Min: -128
Max: 127.99609375
Eps: 0.00390625

Succesfully classified 8596 out of 10000
	Success rate: 85.96 %
	Error   rate: 14.04 %

(5000/60000): 0.00511049
(10000/60000): 0.00397335
(15000/60000): 0.00339444
(20000/60000): 0.00301683
(25000/60000): 0.00277055
(30000/60000): 0.0030684
(35000/60000): 0.00273731
(40000/60000): 0.00278447
(45000/60000): 0.00268766
(50000/60000): 0.00303931
(55000/60000): 0.00247515
(60000/60000): 0.00201306
Error in epoch 1: 0.0030893 (181.238 s)
Succesfully classified 9885 out of 10000
	Success rate: 98.85 %
	Error   rate: 1.15 %

(5000/60000): 0.00224262
(10000/60000): 0.00247829
(15000/60000): 0.00200335
(20000/60000): 0.00200749
(25000/60000): 0.00199886
(30000/60000): 0.0023205
(35000/60000): 0.00212448
(40000/60000): 0.00232421
(45000/60000): 0.00219615
(50000/60000): 0.00248486
(55000/60000): 0.00211002
(60000/60000): 0.00175563
Error in epoch 2: 0.00217057 (180.358 s)
Succesfully classified 9892 out of 10000
	Success rate: 98.92 %
	Error   rate: 1.08 %

(5000/60000): 0.00194668
(10000/60000): 0.00217759
(15000/60000): 0.00171157
(20000/60000): 0.00178656
(25000/60000): 0.00176679
(30000/60000): 0.00209208
(35000/60000): 0.00188457
(40000/60000): 0.00212997
(45000/60000): 0.00198746
(50000/60000): 0.00220942
(55000/60000): 0.00190577
(60000/60000): 0.00160732
Error in epoch 3: 0.00193382 (187.11 s)
Succesfully classified 9899 out of 10000
	Success rate: 98.99 %
	Error   rate: 1.01 %

(5000/60000): 0.00179502
(10000/60000): 0.00200242
(15000/60000): 0.00154954
(20000/60000): 0.0016159
(25000/60000): 0.00161486
(30000/60000): 0.00193841
(35000/60000): 0.00173894
(40000/60000): 0.0019957
(45000/60000): 0.00185388
(50000/60000): 0.0020448
(55000/60000): 0.00177596
(60000/60000): 0.00151893
Error in epoch 4: 0.00178705 (186.143 s)
Succesfully classified 9906 out of 10000
	Success rate: 99.06 %
	Error   rate: 0.94 %

(5000/60000): 0.00168909
(10000/60000): 0.00188442
(15000/60000): 0.00142874
(20000/60000): 0.00151893
(25000/60000): 0.00150918
(30000/60000): 0.00185453
(35000/60000): 0.00159078
(40000/60000): 0.00186952
(45000/60000): 0.00172773
(50000/60000): 0.00187583
(55000/60000): 0.00167642
(60000/60000): 0.00141647
Error in epoch 5: 0.00167015 (183.393 s)
Succesfully classified 9909 out of 10000
	Success rate: 99.09 %
	Error   rate: 0.91 %

Total training time: 1042.79 s
============= FixedPoint<4,4> ==============
=== ForwardType ===
Min: -8
Max: 7.9375
Eps: 0.0625
=== BackwardType ===
Min: 1.17549435082228750796873653722e-38
Max: 3.40282346638528859811704183485e+38
Eps: 1.1920928955078125e-07
=== WeightType ===
Min: -8
Max: 7.9375
Eps: 0.0625

Succesfully classified 980 out of 10000
	Success rate: 9.8 %
	Error   rate: 90.2 %

(5000/60000): 0.0699071
(10000/60000): 0.053909
(15000/60000): 0.0478366
(20000/60000): 0.037718
(25000/60000): 0.0340707
(30000/60000): 0.032095
(35000/60000): 0.0304276
(40000/60000): 0.0283787
(45000/60000): 0.0274596
(50000/60000): 0.0272091
(55000/60000): 0.0259098
(60000/60000): 0.0219835
Error in epoch 1: 0.0364085 (182.181 s)
Succesfully classified 8238 out of 10000
	Success rate: 82.38 %
	Error   rate: 17.62 %

(5000/60000): 0.0463897
(10000/60000): 0.076199
(15000/60000): 0.0655347
(20000/60000): 0.0566958
(25000/60000): 0.0558969
(30000/60000): 0.0565942
(35000/60000): 0.054051
(40000/60000): 0.0621963
(45000/60000): 0.0599453
(50000/60000): 0.0574886
(55000/60000): 0.062395
(60000/60000): 0.0571134
Error in epoch 2: 0.0592085 (180.06 s)
Succesfully classified 5505 out of 10000
	Success rate: 55.05 %
	Error   rate: 44.95 %

(5000/60000): 0.0580978
(10000/60000): 0.0586978
(15000/60000): 0.0606241
(20000/60000): 0.0587267
(25000/60000): 0.057749
(30000/60000): 0.0565723
(35000/60000): 0.053546
(40000/60000): 0.0502608
(45000/60000): 0.051445
(50000/60000): 0.0487143
(55000/60000): 0.0474994
(60000/60000): 0.0446239
Error in epoch 3: 0.0538802 (178.65 s)
Succesfully classified 6958 out of 10000
	Success rate: 69.58 %
	Error   rate: 30.42 %

(5000/60000): 0.0450189
(10000/60000): 0.0503476
(15000/60000): 0.0528184
(20000/60000): 0.0524486
(25000/60000): 0.0525221
(30000/60000): 0.0515499
(35000/60000): 0.0543732
(40000/60000): 0.0534045
(45000/60000): 0.051958
(50000/60000): 0.0510358
(55000/60000): 0.0503152
(60000/60000): 0.0424956
Error in epoch 4: 0.050691 (178.037 s)
Succesfully classified 7100 out of 10000
	Success rate: 71 %
	Error   rate: 29 %

(5000/60000): 0.042832
(10000/60000): 0.0481291
(15000/60000): 0.0459522
(20000/60000): 0.0436622
(25000/60000): 0.0439845
(30000/60000): 0.0432743
(35000/60000): 0.0471084
(40000/60000): 0.0456496
(45000/60000): 0.0454259
(50000/60000): 0.0436307
(55000/60000): 0.0438607
(60000/60000): 0.0384872
Error in epoch 5: 0.044333 (183.836 s)
Succesfully classified 7209 out of 10000
	Success rate: 72.09 %
	Error   rate: 27.91 %

Total training time: 1023.82 s
