== 8,8 for inference, given type for weights (0.01) ==
============= FixedPoint<8,8> ==============
=== ForwardType ===
Min: -128
Max: 127.99609375
Eps: 0.00390625
=== BackwardType ===
Min: 1.17549435082228750796873653722e-38
Max: 3.40282346638528859811704183485e+38
Eps: 1.1920928955078125e-07
=== WeightType ===
Min: -128
Max: 127.99609375
Eps: 0.00390625

Succesfully classified 8596 out of 10000
	Success rate: 85.96 %
	Error   rate: 14.04 %

(5000/60000): 0.00511049
(10000/60000): 0.00397335
(15000/60000): 0.00339444
(20000/60000): 0.00301683
(25000/60000): 0.00277055
(30000/60000): 0.0030684
(35000/60000): 0.00273731
(40000/60000): 0.00278447
(45000/60000): 0.00268766
(50000/60000): 0.00303931
(55000/60000): 0.00247515
(60000/60000): 0.00201306
Error in epoch 1: 0.0030893 (183.658 s)
Succesfully classified 9885 out of 10000
	Success rate: 98.85 %
	Error   rate: 1.15 %

(5000/60000): 0.00224262
(10000/60000): 0.00247829
(15000/60000): 0.00200335
(20000/60000): 0.00200749
(25000/60000): 0.00199886
(30000/60000): 0.0023205
(35000/60000): 0.00212448
(40000/60000): 0.00232421
(45000/60000): 0.00219615
(50000/60000): 0.00248486
(55000/60000): 0.00211002
(60000/60000): 0.00175563
Error in epoch 2: 0.00217057 (183.177 s)
Succesfully classified 9892 out of 10000
	Success rate: 98.92 %
	Error   rate: 1.08 %

(5000/60000): 0.00194668
(10000/60000): 0.00217759
(15000/60000): 0.00171157
(20000/60000): 0.00178656
(25000/60000): 0.00176679
(30000/60000): 0.00209208
(35000/60000): 0.00188457
(40000/60000): 0.00212997
(45000/60000): 0.00198746
(50000/60000): 0.00220942
(55000/60000): 0.00190577
(60000/60000): 0.00160732
Error in epoch 3: 0.00193382 (186.784 s)
Succesfully classified 9899 out of 10000
	Success rate: 98.99 %
	Error   rate: 1.01 %

(5000/60000): 0.00179502
(10000/60000): 0.00200242
(15000/60000): 0.00154954
(20000/60000): 0.0016159
(25000/60000): 0.00161486
(30000/60000): 0.00193841
(35000/60000): 0.00173894
(40000/60000): 0.0019957
(45000/60000): 0.00185388
(50000/60000): 0.0020448
(55000/60000): 0.00177596
(60000/60000): 0.00151893
Error in epoch 4: 0.00178705 (202.275 s)
Succesfully classified 9906 out of 10000
	Success rate: 99.06 %
	Error   rate: 0.94 %

(5000/60000): 0.00168909
(10000/60000): 0.00188442
(15000/60000): 0.00142874
(20000/60000): 0.00151893
(25000/60000): 0.00150918
(30000/60000): 0.00185453
(35000/60000): 0.00159078
(40000/60000): 0.00186952
(45000/60000): 0.00172773
(50000/60000): 0.00187583
(55000/60000): 0.00167642
(60000/60000): 0.00141647
Error in epoch 5: 0.00167015 (188.721 s)
Succesfully classified 9909 out of 10000
	Success rate: 99.09 %
	Error   rate: 0.91 %

Total training time: 1072.74 s
============= FixedPoint<4,4> ==============
=== ForwardType ===
Min: -128
Max: 127.99609375
Eps: 0.00390625
=== BackwardType ===
Min: 1.17549435082228750796873653722e-38
Max: 3.40282346638528859811704183485e+38
Eps: 1.1920928955078125e-07
=== WeightType ===
Min: -8
Max: 7.9375
Eps: 0.0625

Succesfully classified 8549 out of 10000
	Success rate: 85.49 %
	Error   rate: 14.51 %

(5000/60000): 0.0107464
(10000/60000): 0.0064225
(15000/60000): 0.00532283
(20000/60000): 0.00455775
(25000/60000): 0.00398644
(30000/60000): 0.00413636
(35000/60000): 0.00390893
(40000/60000): 0.00385462
(45000/60000): 0.00368701
(50000/60000): 0.00403777
(55000/60000): 0.00336435
(60000/60000): 0.00256004
Error in epoch 1: 0.00471544 (243.335 s)
Succesfully classified 9854 out of 10000
	Success rate: 98.54 %
	Error   rate: 1.46 %

(5000/60000): 0.00305812
(10000/60000): 0.00346262
(15000/60000): 0.00277659
(20000/60000): 0.00271938
(25000/60000): 0.00257375
(30000/60000): 0.00297148
(35000/60000): 0.00281636
(40000/60000): 0.00289967
(45000/60000): 0.00287169
(50000/60000): 0.00309262
(55000/60000): 0.00267376
(60000/60000): 0.00218866
Error in epoch 2: 0.0028421 (240.521 s)
Succesfully classified 9876 out of 10000
	Success rate: 98.76 %
	Error   rate: 1.24 %

(5000/60000): 0.00257356
(10000/60000): 0.00291894
(15000/60000): 0.0022494
(20000/60000): 0.00228277
(25000/60000): 0.00217764
(30000/60000): 0.0026584
(35000/60000): 0.00234184
(40000/60000): 0.00255791
(45000/60000): 0.00245893
(50000/60000): 0.00272233
(55000/60000): 0.00239456
(60000/60000): 0.00196
Error in epoch 3: 0.00244138 (243.09 s)
Succesfully classified 9886 out of 10000
	Success rate: 98.86 %
	Error   rate: 1.14 %

(5000/60000): 0.00225951
(10000/60000): 0.00257794
(15000/60000): 0.0019418
(20000/60000): 0.00212784
(25000/60000): 0.00197525
(30000/60000): 0.00247547
(35000/60000): 0.00208983
(40000/60000): 0.00242045
(45000/60000): 0.00226991
(50000/60000): 0.0025698
(55000/60000): 0.00227565
(60000/60000): 0.00182322
Error in epoch 4: 0.00223391 (241.318 s)
Succesfully classified 9884 out of 10000
	Success rate: 98.84 %
	Error   rate: 1.16 %

(5000/60000): 0.00215098
(10000/60000): 0.00235589
(15000/60000): 0.00177347
(20000/60000): 0.00192183
(25000/60000): 0.00183959
(30000/60000): 0.00222795
(35000/60000): 0.00195582
(40000/60000): 0.00228759
(45000/60000): 0.00210693
(50000/60000): 0.00230721
(55000/60000): 0.0021023
(60000/60000): 0.00166372
Error in epoch 5: 0.00205781 (241.924 s)
Succesfully classified 9893 out of 10000
	Success rate: 98.93 %
	Error   rate: 1.07 %

Total training time: 1386.24 s
============= FixedPoint<2,2> ==============
=== ForwardType ===
Min: -128
Max: 127.99609375
Eps: 0.00390625
=== BackwardType ===
Min: 1.17549435082228750796873653722e-38
Max: 3.40282346638528859811704183485e+38
Eps: 1.1920928955078125e-07
=== WeightType ===
Min: -2
Max: 1.75
Eps: 0.25

Succesfully classified 980 out of 10000
	Success rate: 9.8 %
	Error   rate: 90.2 %

(5000/60000): 0.0639189
(10000/60000): 0.02181
(15000/60000): 0.0147558
(20000/60000): 0.012632
(25000/60000): 0.0109721
(30000/60000): 0.0106391
(35000/60000): 0.0104957
(40000/60000): 0.00971008
(45000/60000): 0.00941063
(50000/60000): 0.0103666
(55000/60000): 0.00894138
(60000/60000): 0.00709483
Error in epoch 1: 0.0158953 (242.06 s)
Succesfully classified 9668 out of 10000
	Success rate: 96.68 %
	Error   rate: 3.32 %

(5000/60000): 0.00891565
(10000/60000): 0.0089477
(15000/60000): 0.00833135
(20000/60000): 0.00811548
(25000/60000): 0.00807141
(30000/60000): 0.00860892
(35000/60000): 0.00816376
(40000/60000): 0.00796305
(45000/60000): 0.00805226
(50000/60000): 0.00877602
(55000/60000): 0.00884341
(60000/60000): 0.00769328
Error in epoch 2: 0.00837347 (236.831 s)
Succesfully classified 9724 out of 10000
	Success rate: 97.24 %
	Error   rate: 2.76 %

(5000/60000): 0.00828704
(10000/60000): 0.00938893
(15000/60000): 0.00867428
(20000/60000): 0.0092923
(25000/60000): 0.00857168
(30000/60000): 0.00809896
(35000/60000): 0.00806772
(40000/60000): 0.00829133
(45000/60000): 0.00860507
(50000/60000): 0.00904732
(55000/60000): 0.00805931
(60000/60000): 0.00708975
Error in epoch 3: 0.00845612 (239.207 s)
Succesfully classified 9747 out of 10000
	Success rate: 97.47 %
	Error   rate: 2.53 %

(5000/60000): 0.00842277
(10000/60000): 0.0082019
(15000/60000): 0.00836783
(20000/60000): 0.00811236
(25000/60000): 0.00843652
(30000/60000): 0.008823
(35000/60000): 0.00889036
(40000/60000): 0.00790322
(45000/60000): 0.00858423
(50000/60000): 0.00872531
(55000/60000): 0.00864228
(60000/60000): 0.00758398
Error in epoch 4: 0.00839115 (234.281 s)
Succesfully classified 9716 out of 10000
	Success rate: 97.16 %
	Error   rate: 2.84 %

(5000/60000): 0.00825654
(10000/60000): 0.00838384
(15000/60000): 0.00823317
(20000/60000): 0.00715747
(25000/60000): 0.00724493
(30000/60000): 0.00876162
(35000/60000): 0.00798485
(40000/60000): 0.00806902
(45000/60000): 0.00816577
(50000/60000): 0.0082027
(55000/60000): 0.00736235
(60000/60000): 0.0066001
Error in epoch 5: 0.00786851 (237.669 s)
Succesfully classified 9766 out of 10000
	Success rate: 97.66 %
	Error   rate: 2.34 %

Total training time: 1367.51 s
============= FixedPoint<1,3> ==============
=== ForwardType ===
Min: -128
Max: 127.99609375
Eps: 0.00390625
=== BackwardType ===
Min: 1.17549435082228750796873653722e-38
Max: 3.40282346638528859811704183485e+38
Eps: 1.1920928955078125e-07
=== WeightType ===
Min: -1
Max: 0.875
Eps: 0.125

Succesfully classified 3004 out of 10000
	Success rate: 30.04 %
	Error   rate: 69.96 %

(5000/60000): 0.0304689
(10000/60000): 0.00958572
(15000/60000): 0.00753698
(20000/60000): 0.00641531
(25000/60000): 0.00566874
(30000/60000): 0.00570866
(35000/60000): 0.00550786
(40000/60000): 0.00501392
(45000/60000): 0.00502356
(50000/60000): 0.00555446
(55000/60000): 0.00468979
(60000/60000): 0.00349307
Error in epoch 1: 0.00788928 (232.861 s)
Succesfully classified 9804 out of 10000
	Success rate: 98.04 %
	Error   rate: 1.96 %

(5000/60000): 0.00445638
(10000/60000): 0.00474266
(15000/60000): 0.00432663
(20000/60000): 0.00429083
(25000/60000): 0.00374838
(30000/60000): 0.00438259
(35000/60000): 0.00436659
(40000/60000): 0.00418068
(45000/60000): 0.00405105
(50000/60000): 0.00473837
(55000/60000): 0.0038088
(60000/60000): 0.00303186
Error in epoch 2: 0.00417708 (244.14 s)
Succesfully classified 9827 out of 10000
	Success rate: 98.27 %
	Error   rate: 1.73 %

(5000/60000): 0.00378312
(10000/60000): 0.00418075
(15000/60000): 0.00356187
(20000/60000): 0.00335528
(25000/60000): 0.00314447
(30000/60000): 0.00373509
(35000/60000): 0.00346992
(40000/60000): 0.00359681
(45000/60000): 0.00359624
(50000/60000): 0.00397524
(55000/60000): 0.00339669
(60000/60000): 0.00271564
Error in epoch 3: 0.00354263 (243.442 s)
Succesfully classified 9841 out of 10000
	Success rate: 98.41 %
	Error   rate: 1.59 %

(5000/60000): 0.0034353
(10000/60000): 0.00362467
(15000/60000): 0.00310299
(20000/60000): 0.00293549
(25000/60000): 0.00290077
(30000/60000): 0.00339606
(35000/60000): 0.00323622
(40000/60000): 0.00339967
(45000/60000): 0.00329195
(50000/60000): 0.00372315
(55000/60000): 0.00346481
(60000/60000): 0.00256286
Error in epoch 4: 0.00325617 (237.29 s)
Succesfully classified 9846 out of 10000
	Success rate: 98.46 %
	Error   rate: 1.54 %

(5000/60000): 0.00335023
(10000/60000): 0.00346554
(15000/60000): 0.00298599
(20000/60000): 0.00277322
(25000/60000): 0.0027407
(30000/60000): 0.00334214
(35000/60000): 0.0031161
(40000/60000): 0.00342251
(45000/60000): 0.00310094
(50000/60000): 0.00350071
(55000/60000): 0.00300511
(60000/60000): 0.00255125
Error in epoch 5: 0.00311288 (248.118 s)
Succesfully classified 9855 out of 10000
	Success rate: 98.55 %
	Error   rate: 1.45 %

Total training time: 1386.11 s
============= FixedPoint<1,1> ==============
=== ForwardType ===
Min: -128
Max: 127.99609375
Eps: 0.00390625
=== BackwardType ===
Min: 1.17549435082228750796873653722e-38
Max: 3.40282346638528859811704183485e+38
Eps: 1.1920928955078125e-07
=== WeightType ===
Min: -1
Max: 0.5
Eps: 0.5

Succesfully classified 980 out of 10000
	Success rate: 9.8 %
	Error   rate: 90.2 %

(5000/60000): 0.0948086
(10000/60000): 0.0696001
(15000/60000): 0.052865
(20000/60000): 0.0454067
(25000/60000): 0.0423744
(30000/60000): 0.0377141
(35000/60000): 0.0342853
(40000/60000): 0.0356767
(45000/60000): 0.0375687
(50000/60000): 0.0400141
(55000/60000): 0.0377662
(60000/60000): 0.0334736
Error in epoch 1: 0.046795 (225.896 s)
Succesfully classified 8199 out of 10000
	Success rate: 81.99 %
	Error   rate: 18.01 %

(5000/60000): 0.0340058
(10000/60000): 0.0362184
(15000/60000): 0.0424912
(20000/60000): 0.0400967
(25000/60000): 0.036328
(30000/60000): 0.0335754
(35000/60000): 0.034608
(40000/60000): 0.0346839
(45000/60000): 0.0427726
(50000/60000): 0.0403367
(55000/60000): 0.0375711
(60000/60000): 0.0287171
Error in epoch 2: 0.0367839 (232.53 s)
Succesfully classified 9287 out of 10000
	Success rate: 92.87 %
	Error   rate: 7.13 %

(5000/60000): 0.0341354
(10000/60000): 0.0386653
(15000/60000): 0.0415476
(20000/60000): 0.0391806
(25000/60000): 0.0465967
(30000/60000): 0.0439931
(35000/60000): 0.0472083
(40000/60000): 0.0540597
(45000/60000): 0.0556675
(50000/60000): 0.0504772
(55000/60000): 0.0413981
(60000/60000): 0.0402855
Error in epoch 3: 0.0444351 (236.213 s)
Succesfully classified 8548 out of 10000
	Success rate: 85.48 %
	Error   rate: 14.52 %

(5000/60000): 0.0428665
(10000/60000): 0.0561182
(15000/60000): 0.0476022
(20000/60000): 0.0474523
(25000/60000): 0.0468418
(30000/60000): 0.0419206
(35000/60000): 0.0458522
(40000/60000): 0.0470099
(45000/60000): 0.0420757
(50000/60000): 0.0602706
(55000/60000): 0.0452829
(60000/60000): 0.0458808
Error in epoch 4: 0.0474315 (212.691 s)
Succesfully classified 8533 out of 10000
	Success rate: 85.33 %
	Error   rate: 14.67 %

(5000/60000): 0.0528679
(10000/60000): 0.0632638
(15000/60000): 0.0587672
(20000/60000): 0.0589629
(25000/60000): 0.0562321
(30000/60000): 0.0517731
(35000/60000): 0.0512243
(40000/60000): 0.0515895
(45000/60000): 0.0492422
(50000/60000): 0.0548055
(55000/60000): 0.0532813
(60000/60000): 0.0612966
Error in epoch 5: 0.0552773 (207.744 s)
Succesfully classified 7986 out of 10000
	Success rate: 79.86 %
	Error   rate: 20.14 %

Total training time: 1277.82 s
