./TypeCNN_fixed -v resources/mnist/test-images.idx3-ubyte -c mnist_99_33/lenet5.xml --type-info -t resources/mnist/train-images.idx3-ubyte --optimizer sgd --periodic-output 1000 -l 0.001 --periodic-validation --keep-best -e 5
=== ForwardType ===
Min: -128
Max: 127.99609375
Eps: 0.00390625
=== BackwardType ===
Min: 1.17549435082228750796873653722e-38
Max: 3.40282346638528859811704183485e+38
Eps: 1.1920928955078125e-07
=== WeightType ===
Min: -128
Max: 127.99609375
Eps: 0.00390625

Succesfully classified 9895 out of 10000
	Success rate: 98.95 %
	Error   rate: 1.05 %

(1000/60000): 0.00951808
(2000/60000): 0.00758902
(3000/60000): 0.00452115
(4000/60000): 0.00353636
(5000/60000): 0.00327728
(6000/60000): 0.00317516
(7000/60000): 0.0024498
(8000/60000): 0.00225736
(9000/60000): 0.00235802
(10000/60000): 0.00227608
(11000/60000): 0.00194185
(12000/60000): 0.00145811
(13000/60000): 0.00166542
(14000/60000): 0.00148274
(15000/60000): 0.00144015
(16000/60000): 0.00155969
(17000/60000): 0.00120421
(18000/60000): 0.00135595
(19000/60000): 0.00125818
(20000/60000): 0.00111619
(21000/60000): 0.00122645
(22000/60000): 0.000860211
(23000/60000): 0.000965456
(24000/60000): 0.00098506
(25000/60000): 0.00101975
(26000/60000): 0.00112201
(27000/60000): 0.00176633
(28000/60000): 0.000824012
(29000/60000): 0.000916976
(30000/60000): 0.000946617
(31000/60000): 0.000856759
(32000/60000): 0.00097582
(33000/60000): 0.000923391
(34000/60000): 0.000801846
(35000/60000): 0.00105877
(36000/60000): 0.00100772
(37000/60000): 0.00122432
(38000/60000): 0.0013179
(39000/60000): 0.000896627
(40000/60000): 0.00122345
(41000/60000): 0.000772078
(42000/60000): 0.000994507
(43000/60000): 0.000863274
(44000/60000): 0.00101058
(45000/60000): 0.000758457
(46000/60000): 0.00097042
(47000/60000): 0.00096899
(48000/60000): 0.000894013
(49000/60000): 0.00086024
(50000/60000): 0.00118641
(51000/60000): 0.00075037
(52000/60000): 0.00108263
(53000/60000): 0.000888666
(54000/60000): 0.000976722
(55000/60000): 0.000712204
(56000/60000): 0.000537074
(57000/60000): 0.000898646
(58000/60000): 0.000614906
(59000/60000): 0.000490074
(60000/60000): 0.000831173
Error in epoch 1: 0.00155693 (196.535 s)
Succesfully classified 9932 out of 10000
	Success rate: 99.32 %
	Error   rate: 0.68 %

(1000/60000): 0.00102178
(2000/60000): 0.000595194
(3000/60000): 0.000873348
(4000/60000): 0.000712599
(5000/60000): 0.000656431
(6000/60000): 0.000702985
(7000/60000): 0.00067084
(8000/60000): 0.000798898
(9000/60000): 0.000774894
(10000/60000): 0.000980314
(11000/60000): 0.000858821
(12000/60000): 0.000582953
(13000/60000): 0.000670039
(14000/60000): 0.000631333
(15000/60000): 0.000610093
(16000/60000): 0.000941958
(17000/60000): 0.000643079
(18000/60000): 0.000698081
(19000/60000): 0.000683177
(20000/60000): 0.000742497
(21000/60000): 0.000715137
(22000/60000): 0.000510769
(23000/60000): 0.000575193
(24000/60000): 0.000617219
(25000/60000): 0.000573373
(26000/60000): 0.000864299
(27000/60000): 0.00145692
(28000/60000): 0.000533503
(29000/60000): 0.000610103
(30000/60000): 0.000568054
(31000/60000): 0.000573851
(32000/60000): 0.000615367
(33000/60000): 0.000663157
(34000/60000): 0.000604698
(35000/60000): 0.000779175
(36000/60000): 0.000802716
(37000/60000): 0.00095815
(38000/60000): 0.00101198
(39000/60000): 0.000754906
(40000/60000): 0.000950933
(41000/60000): 0.00058587
(42000/60000): 0.000761334
(43000/60000): 0.000676143
(44000/60000): 0.000854992
(45000/60000): 0.000579005
(46000/60000): 0.000765181
(47000/60000): 0.000700059
(48000/60000): 0.000668388
(49000/60000): 0.000638397
(50000/60000): 0.000920681
(51000/60000): 0.000573442
(52000/60000): 0.000902941
(53000/60000): 0.000736917
(54000/60000): 0.000852508
(55000/60000): 0.000569905
(56000/60000): 0.000418048
(57000/60000): 0.000763178
(58000/60000): 0.000496158
(59000/60000): 0.00044396
(60000/60000): 0.000729393
Error in epoch 2: 0.000720462 (181.013 s)
Succesfully classified 9935 out of 10000
	Success rate: 99.35 %
	Error   rate: 0.65 %

(1000/60000): 0.000892017
(2000/60000): 0.000491929
(3000/60000): 0.000790168
(4000/60000): 0.000580031
(5000/60000): 0.00054836
(6000/60000): 0.00055319
(7000/60000): 0.000536929
(8000/60000): 0.000701657
(9000/60000): 0.000621539
(10000/60000): 0.000832757
(11000/60000): 0.000748007
(12000/60000): 0.000499255
(13000/60000): 0.000530681
(14000/60000): 0.000501076
(15000/60000): 0.000477556
(16000/60000): 0.000823581
(17000/60000): 0.000559466
(18000/60000): 0.000579641
(19000/60000): 0.000543686
(20000/60000): 0.000670719
(21000/60000): 0.000594433
(22000/60000): 0.000431248
(23000/60000): 0.000475993
(24000/60000): 0.000515163
(25000/60000): 0.000475935
(26000/60000): 0.000791903
(27000/60000): 0.00139071
(28000/60000): 0.000444001
(29000/60000): 0.000509286
(30000/60000): 0.00045785
(31000/60000): 0.000476845
(32000/60000): 0.000506634
(33000/60000): 0.000598373
(34000/60000): 0.000553462
(35000/60000): 0.000686232
(36000/60000): 0.000737992
(37000/60000): 0.000855917
(38000/60000): 0.000901884
(39000/60000): 0.000707191
(40000/60000): 0.000856644
(41000/60000): 0.000536328
(42000/60000): 0.000642854
(43000/60000): 0.000608445
(44000/60000): 0.000804645
(45000/60000): 0.000506155
(46000/60000): 0.000709897
(47000/60000): 0.000623069
(48000/60000): 0.000578633
(49000/60000): 0.000564511
(50000/60000): 0.000818497
(51000/60000): 0.000487399
(52000/60000): 0.000806781
(53000/60000): 0.00067057
(54000/60000): 0.00078699
(55000/60000): 0.000514264
(56000/60000): 0.000363405
(57000/60000): 0.000696912
(58000/60000): 0.000433755
(59000/60000): 0.000412606
(60000/60000): 0.000652277
Error in epoch 3: 0.00062783 (178.184 s)
Succesfully classified 9935 out of 10000
	Success rate: 99.35 %
	Error   rate: 0.65 %

(1000/60000): 0.000835187
(2000/60000): 0.000454255
(3000/60000): 0.000739799
(4000/60000): 0.000521068
(5000/60000): 0.000502188
(6000/60000): 0.000492431
(7000/60000): 0.000470448
(8000/60000): 0.000650535
(9000/60000): 0.000569714
(10000/60000): 0.000749703
(11000/60000): 0.000701625
(12000/60000): 0.000432077
(13000/60000): 0.000450819
(14000/60000): 0.000444641
(15000/60000): 0.000422001
(16000/60000): 0.00074355
(17000/60000): 0.000521587
(18000/60000): 0.000510422
(19000/60000): 0.000469309
(20000/60000): 0.00063832
(21000/60000): 0.000525227
(22000/60000): 0.000401544
(23000/60000): 0.000423282
(24000/60000): 0.000464558
(25000/60000): 0.00042258
(26000/60000): 0.000749215
(27000/60000): 0.00134235
(28000/60000): 0.000405563
(29000/60000): 0.000448738
(30000/60000): 0.000410116
(31000/60000): 0.000433929
(32000/60000): 0.000457641
(33000/60000): 0.000562692
(34000/60000): 0.000515054
(35000/60000): 0.000651737
(36000/60000): 0.000694788
(37000/60000): 0.000811098
(38000/60000): 0.000817283
(39000/60000): 0.000667361
(40000/60000): 0.000804328
(41000/60000): 0.000494113
(42000/60000): 0.000586624
(43000/60000): 0.000566232
(44000/60000): 0.000778098
(45000/60000): 0.000457756
(46000/60000): 0.000676736
(47000/60000): 0.000586775
(48000/60000): 0.000529162
(49000/60000): 0.000515041
(50000/60000): 0.000745329
(51000/60000): 0.000459895
(52000/60000): 0.000757177
(53000/60000): 0.000633441
(54000/60000): 0.000749877
(55000/60000): 0.000483742
(56000/60000): 0.000331242
(57000/60000): 0.000655955
(58000/60000): 0.000409614
(59000/60000): 0.000393669
(60000/60000): 0.000622824
Error in epoch 4: 0.000579396 (176.099 s)
Succesfully classified 9937 out of 10000
	Success rate: 99.37 %
	Error   rate: 0.63 %

(1000/60000): 0.000797089
(2000/60000): 0.000425097
(3000/60000): 0.000710948
(4000/60000): 0.000487236
(5000/60000): 0.000488182
(6000/60000): 0.000458085
(7000/60000): 0.000433348
(8000/60000): 0.000619885
(9000/60000): 0.000548373
(10000/60000): 0.000713441
(11000/60000): 0.000682656
(12000/60000): 0.000402908
(13000/60000): 0.00041608
(14000/60000): 0.000406903
(15000/60000): 0.000381921
(16000/60000): 0.000696518
(17000/60000): 0.000507313
(18000/60000): 0.000466119
(19000/60000): 0.000425549
(20000/60000): 0.000603131
(21000/60000): 0.000484762
(22000/60000): 0.000385715
(23000/60000): 0.000387738
(24000/60000): 0.000437271
(25000/60000): 0.000378123
(26000/60000): 0.000715411
(27000/60000): 0.00132712
(28000/60000): 0.000385548
(29000/60000): 0.000410911
(30000/60000): 0.000378339
(31000/60000): 0.000399522
(32000/60000): 0.000420327
(33000/60000): 0.000546742
(34000/60000): 0.000495276
(35000/60000): 0.000625376
(36000/60000): 0.000658243
(37000/60000): 0.000771335
(38000/60000): 0.000782061
(39000/60000): 0.000637582
(40000/60000): 0.0007569
(41000/60000): 0.000479095
(42000/60000): 0.000544382
(43000/60000): 0.000543725
(44000/60000): 0.000767888
(45000/60000): 0.000429828
(46000/60000): 0.000659921
(47000/60000): 0.000547274
(48000/60000): 0.000505854
(49000/60000): 0.000474828
(50000/60000): 0.000707945
(51000/60000): 0.000416293
(52000/60000): 0.000719059
(53000/60000): 0.000595849
(54000/60000): 0.000708327
(55000/60000): 0.00046016
(56000/60000): 0.000305162
(57000/60000): 0.000625497
(58000/60000): 0.000384166
(59000/60000): 0.000383932
(60000/60000): 0.000593489
Error in epoch 5: 0.000548488 (174.428 s)
Succesfully classified 9935 out of 10000
	Success rate: 99.35 %
	Error   rate: 0.65 %
