./../../TypeCNN -c lenet5.xml -v ../../resources/mnist/test-images.idx3-ubyte -t ../../resources/mnist/train-images.idx3-ubyte -e 13 -s 1 --optimizer sgdm --loss-function MSE --periodic-validation --periodic-output 5000 --do-not-load --shuffle --keep-best -l 0.005
=== ForwardType ===
Min: 1.17549435082228750796873653722e-38
Max: 3.40282346638528859811704183485e+38
Eps: 1.1920928955078125e-07
=== BackwardType ===
Min: 1.17549435082228750796873653722e-38
Max: 3.40282346638528859811704183485e+38
Eps: 1.1920928955078125e-07
=== WeightType ===
Min: 1.17549435082228750796873653722e-38
Max: 3.40282346638528859811704183485e+38
Eps: 1.1920928955078125e-07
=== Training ===
Succesfully classified 892 out of 10000
	Success rate: 8.92 %
	Error   rate: 91.08 %

(5000/60000): 0.0925028
(10000/60000): 0.0905994
(15000/60000): 0.0904368
(20000/60000): 0.0891434
(25000/60000): 0.0368975
(30000/60000): 0.0157121
(35000/60000): 0.0111513
(40000/60000): 0.00965999
(45000/60000): 0.0088155
(50000/60000): 0.00740079
(55000/60000): 0.00724485
(60000/60000): 0.00599485
Error in epoch 1: 0.0387952 (469.514 s)
Succesfully classified 9730 out of 10000
	Success rate: 97.3 %
	Error   rate: 2.7 %

(5000/60000): 0.00562487
(10000/60000): 0.00566385
(15000/60000): 0.00516031
(20000/60000): 0.00502418
(25000/60000): 0.00485456
(30000/60000): 0.00451101
(35000/60000): 0.00444369
(40000/60000): 0.00407098
(45000/60000): 0.0041972
(50000/60000): 0.00383888
(55000/60000): 0.00366114
(60000/60000): 0.00329355
Error in epoch 2: 0.00452869 (556.874 s)
Succesfully classified 9836 out of 10000
	Success rate: 98.36 %
	Error   rate: 1.64 %

(5000/60000): 0.00339342
(10000/60000): 0.00338175
(15000/60000): 0.00315426
(20000/60000): 0.00316042
(25000/60000): 0.00291502
(30000/60000): 0.00281374
(35000/60000): 0.00304964
(40000/60000): 0.00308131
(45000/60000): 0.00250731
(50000/60000): 0.00294341
(55000/60000): 0.0027209
(60000/60000): 0.00202806
Error in epoch 3: 0.00292911 (570.058 s)
Succesfully classified 9814 out of 10000
	Success rate: 98.14 %
	Error   rate: 1.86 %

(5000/60000): 0.00264612
(10000/60000): 0.0025063
(15000/60000): 0.00241663
(20000/60000): 0.00238683
(25000/60000): 0.00238189
(30000/60000): 0.00205616
(35000/60000): 0.00210403
(40000/60000): 0.00208286
(45000/60000): 0.00208585
(50000/60000): 0.00232686
(55000/60000): 0.00193401
(60000/60000): 0.00237083
Error in epoch 4: 0.00227485 (597.15 s)
Succesfully classified 9867 out of 10000
	Success rate: 98.67 %
	Error   rate: 1.33 %

(5000/60000): 0.00205725
(10000/60000): 0.00178717
(15000/60000): 0.00167323
(20000/60000): 0.00141747
(25000/60000): 0.00200463
(30000/60000): 0.00217601
(35000/60000): 0.00173349
(40000/60000): 0.00158862
(45000/60000): 0.00221752
(50000/60000): 0.00148321
(55000/60000): 0.00204293
(60000/60000): 0.00241883
Error in epoch 5: 0.00188337 (589.501 s)
Succesfully classified 9898 out of 10000
	Success rate: 98.98 %
	Error   rate: 1.02 %

(5000/60000): 0.00160979
(10000/60000): 0.00135381
(15000/60000): 0.00169801
(20000/60000): 0.00145092
(25000/60000): 0.00157547
(30000/60000): 0.00141529
(35000/60000): 0.00150875
(40000/60000): 0.00154785
(45000/60000): 0.00154634
(50000/60000): 0.00145115
(55000/60000): 0.00140321
(60000/60000): 0.00189951
Error in epoch 6: 0.00153834 (615.656 s)
Succesfully classified 9900 out of 10000
	Success rate: 99 %
	Error   rate: 1 %

(5000/60000): 0.00133015
(10000/60000): 0.00136214
(15000/60000): 0.00142297
(20000/60000): 0.00133274
(25000/60000): 0.00122816
(30000/60000): 0.00168542
(35000/60000): 0.00131151
(40000/60000): 0.00134228
(45000/60000): 0.0014427
(50000/60000): 0.00112648
(55000/60000): 0.00126201
(60000/60000): 0.00145354
Error in epoch 7: 0.00135834 (611.102 s)
Succesfully classified 9909 out of 10000
	Success rate: 99.09 %
	Error   rate: 0.91 %

(5000/60000): 0.00107696
(10000/60000): 0.00103956
(15000/60000): 0.000941028
(20000/60000): 0.00116253
(25000/60000): 0.00100434
(30000/60000): 0.00111821
(35000/60000): 0.00119586
(40000/60000): 0.00107583
(45000/60000): 0.00133119
(50000/60000): 0.00117719
(55000/60000): 0.001506
(60000/60000): 0.0014263
Error in epoch 8: 0.00117125 (628.588 s)
Succesfully classified 9902 out of 10000
	Success rate: 99.02 %
	Error   rate: 0.98 %

(5000/60000): 0.00103026
(10000/60000): 0.000931581
(15000/60000): 0.00120597
(20000/60000): 0.00101683
(25000/60000): 0.00116946
(30000/60000): 0.000932223
(35000/60000): 0.00106831
(40000/60000): 0.00124417
(45000/60000): 0.0010287
(50000/60000): 0.000961385
(55000/60000): 0.000903439
(60000/60000): 0.00103255
Error in epoch 9: 0.00104374 (634.972 s)
Succesfully classified 9929 out of 10000
	Success rate: 99.29 %
	Error   rate: 0.71 %

(5000/60000): 0.000704963
(10000/60000): 0.000982586
(15000/60000): 0.0011037
(20000/60000): 0.000796959
(25000/60000): 0.000967853
(30000/60000): 0.000948387
(35000/60000): 0.00103125
(40000/60000): 0.000746077
(45000/60000): 0.000767353
(50000/60000): 0.00104422
(55000/60000): 0.00110491
(60000/60000): 0.00106564
Error in epoch 10: 0.000938655 (606.363 s)
Succesfully classified 9908 out of 10000
	Success rate: 99.08 %
	Error   rate: 0.92 %

(5000/60000): 0.000687011
(10000/60000): 0.000893175
(15000/60000): 0.000988461
(20000/60000): 0.000756773
(25000/60000): 0.000751305
(30000/60000): 0.000846299
(35000/60000): 0.000670152
(40000/60000): 0.000878417
(45000/60000): 0.000715432
(50000/60000): 0.000941629
(55000/60000): 0.000871167
(60000/60000): 0.000720027
Error in epoch 11: 0.000809984 (599.09 s)
Succesfully classified 9926 out of 10000
	Success rate: 99.26 %
	Error   rate: 0.74 %

(5000/60000): 0.00063805
(10000/60000): 0.00069604
(15000/60000): 0.000725292
(20000/60000): 0.000729188
(25000/60000): 0.00059986
(30000/60000): 0.000542407
(35000/60000): 0.000652175
(40000/60000): 0.000877128
(45000/60000): 0.000542026
(50000/60000): 0.000938879
(55000/60000): 0.000764242
(60000/60000): 0.000790827
Error in epoch 12: 0.000708009 (632.331 s)
Succesfully classified 9928 out of 10000
	Success rate: 99.28 %
	Error   rate: 0.72 %

(5000/60000): 0.000489493
(10000/60000): 0.00051604
(15000/60000): 0.000581065
(20000/60000): 0.000407457
(25000/60000): 0.00066028
(30000/60000): 0.000813858
(35000/60000): 0.000539675
(40000/60000): 0.000726074
(45000/60000): 0.000722052
(50000/60000): 0.000827523
(55000/60000): 0.000720687
(60000/60000): 0.00072933
Error in epoch 13: 0.000644459 (640.062 s)
Succesfully classified 9933 out of 10000
	Success rate: 99.33 %
	Error   rate: 0.67 %