./TypeCNN -v resources/mnist/test-images.idx3-ubyte -c lenet5.xml --type-info -t resources/mnist/train-images.idx3-ubyte --optimizer sgd --periodic-output 1000 -l 0.001 --periodic-validation --keep-best -e 5
=== ForwardType ===
Min: 1.17549435082228750796873653722e-38
Max: 3.40282346638528859811704183485e+38
Eps: 1.1920928955078125e-07
=== BackwardType ===
Min: 1.17549435082228750796873653722e-38
Max: 3.40282346638528859811704183485e+38
Eps: 1.1920928955078125e-07
=== WeightType ===
Min: 1.17549435082228750796873653722e-38
Max: 3.40282346638528859811704183485e+38
Eps: 1.1920928955078125e-07

Succesfully classified 9933 out of 10000
	Success rate: 99.33 %
	Error   rate: 0.67 %

(1000/60000): 0.000621324
(2000/60000): 0.000432356
(3000/60000): 0.000708971
(4000/60000): 0.000411762
(5000/60000): 0.000462467
(6000/60000): 0.000387029
(7000/60000): 0.000333994
(8000/60000): 0.000523669
(9000/60000): 0.000485417
(10000/60000): 0.000527003
(11000/60000): 0.000622578
(12000/60000): 0.000374505
(13000/60000): 0.000320786
(14000/60000): 0.000304646
(15000/60000): 0.000324623
(16000/60000): 0.000519167
(17000/60000): 0.000383828
(18000/60000): 0.000325642
(19000/60000): 0.000279549
(20000/60000): 0.000486957
(21000/60000): 0.000330032
(22000/60000): 0.000205699
(23000/60000): 0.000239438
(24000/60000): 0.000351752
(25000/60000): 0.000345666
(26000/60000): 0.000503081
(27000/60000): 0.00106378
(28000/60000): 0.000312786
(29000/60000): 0.000276061
(30000/60000): 0.000257769
(31000/60000): 0.000313999
(32000/60000): 0.000248708
(33000/60000): 0.000410799
(34000/60000): 0.000468985
(35000/60000): 0.000460941
(36000/60000): 0.000594716
(37000/60000): 0.000610159
(38000/60000): 0.000574795
(39000/60000): 0.000510707
(40000/60000): 0.000591751
(41000/60000): 0.000342871
(42000/60000): 0.000427186
(43000/60000): 0.000383878
(44000/60000): 0.000671417
(45000/60000): 0.000232703
(46000/60000): 0.00049446
(47000/60000): 0.000388937
(48000/60000): 0.000391475
(49000/60000): 0.000398528
(50000/60000): 0.000536905
(51000/60000): 0.000307465
(52000/60000): 0.000666871
(53000/60000): 0.000475504
(54000/60000): 0.000535721
(55000/60000): 0.000344719
(56000/60000): 0.000207338
(57000/60000): 0.000455445
(58000/60000): 0.00037136
(59000/60000): 0.000307646
(60000/60000): 0.000457216
Error in epoch 1: 0.000431759 (628.806 s)
Succesfully classified 9936 out of 10000
	Success rate: 99.36 %
	Error   rate: 0.64 %

(1000/60000): 0.000538756
(2000/60000): 0.00034468
(3000/60000): 0.000604998
(4000/60000): 0.000341711
(5000/60000): 0.000425666
(6000/60000): 0.000304032
(7000/60000): 0.000251284
(8000/60000): 0.000445198
(9000/60000): 0.000413768
(10000/60000): 0.000467647
(11000/60000): 0.000558822
(12000/60000): 0.0002558
(13000/60000): 0.000279885
(14000/60000): 0.000262229
(15000/60000): 0.000249319
(16000/60000): 0.000458351
(17000/60000): 0.000372135
(18000/60000): 0.000288761
(19000/60000): 0.000257261
(20000/60000): 0.000433772
(21000/60000): 0.000282763
(22000/60000): 0.00020432
(23000/60000): 0.000200267
(24000/60000): 0.000311367
(25000/60000): 0.000284973
(26000/60000): 0.000482312
(27000/60000): 0.0010305
(28000/60000): 0.000272514
(29000/60000): 0.00024969
(30000/60000): 0.000235867
(31000/60000): 0.000288692
(32000/60000): 0.000218658
(33000/60000): 0.000386636
(34000/60000): 0.000414701
(35000/60000): 0.000433709
(36000/60000): 0.00054814
(37000/60000): 0.000592984
(38000/60000): 0.000507208
(39000/60000): 0.000486079
(40000/60000): 0.000565819
(41000/60000): 0.000322848
(42000/60000): 0.000388901
(43000/60000): 0.000372196
(44000/60000): 0.00064948
(45000/60000): 0.000222928
(46000/60000): 0.000480795
(47000/60000): 0.000362925
(48000/60000): 0.000349188
(49000/60000): 0.000352501
(50000/60000): 0.000480017
(51000/60000): 0.000288836
(52000/60000): 0.000616547
(53000/60000): 0.000437516
(54000/60000): 0.000517593
(55000/60000): 0.000320181
(56000/60000): 0.000188888
(57000/60000): 0.00044398
(58000/60000): 0.000340321
(59000/60000): 0.000289814
(60000/60000): 0.000435465
Error in epoch 2: 0.000390205 (636.681 s)
Succesfully classified 9937 out of 10000
	Success rate: 99.37 %
	Error   rate: 0.63 %

(1000/60000): 0.000512413
(2000/60000): 0.000323231
(3000/60000): 0.000566799
(4000/60000): 0.000325362
(5000/60000): 0.000403741
(6000/60000): 0.000275141
(7000/60000): 0.000229237
(8000/60000): 0.000432907
(9000/60000): 0.000393497
(10000/60000): 0.000452965
(11000/60000): 0.000535194
(12000/60000): 0.000228754
(13000/60000): 0.000257989
(14000/60000): 0.000248062
(15000/60000): 0.000227342
(16000/60000): 0.000435215
(17000/60000): 0.000367185
(18000/60000): 0.000272856
(19000/60000): 0.000244617
(20000/60000): 0.000415239
(21000/60000): 0.000263616
(22000/60000): 0.000203398
(23000/60000): 0.000182217
(24000/60000): 0.000291561
(25000/60000): 0.000265213
(26000/60000): 0.000470976
(27000/60000): 0.00101362
(28000/60000): 0.000254627
(29000/60000): 0.000234133
(30000/60000): 0.000225322
(31000/60000): 0.000271055
(32000/60000): 0.000207141
(33000/60000): 0.000378536
(34000/60000): 0.000386416
(35000/60000): 0.000426037
(36000/60000): 0.000524433
(37000/60000): 0.000576372
(38000/60000): 0.000476807
(39000/60000): 0.000477378
(40000/60000): 0.0005511
(41000/60000): 0.000313894
(42000/60000): 0.000371083
(43000/60000): 0.000366428
(44000/60000): 0.000640289
(45000/60000): 0.000219655
(46000/60000): 0.000469586
(47000/60000): 0.000347155
(48000/60000): 0.000331613
(49000/60000): 0.000333003
(50000/60000): 0.000450223
(51000/60000): 0.00027666
(52000/60000): 0.000585841
(53000/60000): 0.00041683
(54000/60000): 0.000507693
(55000/60000): 0.000310722
(56000/60000): 0.00017867
(57000/60000): 0.000435477
(58000/60000): 0.000319111
(59000/60000): 0.00027925
(60000/60000): 0.000422744
Error in epoch 3: 0.000373393 (642.266 s)
Succesfully classified 9936 out of 10000
	Success rate: 99.36 %
	Error   rate: 0.64 %

(1000/60000): 0.0004936
(2000/60000): 0.000313191
(3000/60000): 0.0005427
(4000/60000): 0.000315963
(5000/60000): 0.000390289
(6000/60000): 0.000259986
(7000/60000): 0.000216855
(8000/60000): 0.000427126
(9000/60000): 0.000384029
(10000/60000): 0.000444963
(11000/60000): 0.0005231
(12000/60000): 0.0002134
(13000/60000): 0.000242703
(14000/60000): 0.000240255
(15000/60000): 0.000217155
(16000/60000): 0.000421548
(17000/60000): 0.000365795
(18000/60000): 0.000262131
(19000/60000): 0.000236936
(20000/60000): 0.000403972
(21000/60000): 0.000253568
(22000/60000): 0.000200485
(23000/60000): 0.00017235
(24000/60000): 0.000279358
(25000/60000): 0.000255652
(26000/60000): 0.000461072
(27000/60000): 0.00100103
(28000/60000): 0.000244701
(29000/60000): 0.000224322
(30000/60000): 0.00021734
(31000/60000): 0.000257064
(32000/60000): 0.000201093
(33000/60000): 0.000374655
(34000/60000): 0.00036617
(35000/60000): 0.00042119
(36000/60000): 0.000505736
(37000/60000): 0.000561759
(38000/60000): 0.00045797
(39000/60000): 0.000471678
(40000/60000): 0.000538719
(41000/60000): 0.000307306
(42000/60000): 0.000359078
(43000/60000): 0.000361983
(44000/60000): 0.000634844
(45000/60000): 0.000217136
(46000/60000): 0.000461059
(47000/60000): 0.000336637
(48000/60000): 0.000321093
(49000/60000): 0.000319313
(50000/60000): 0.0004298
(51000/60000): 0.000268306
(52000/60000): 0.000562491
(53000/60000): 0.000401904
(54000/60000): 0.000501485
(55000/60000): 0.000303735
(56000/60000): 0.000172627
(57000/60000): 0.000428692
(58000/60000): 0.000305476
(59000/60000): 0.000273272
(60000/60000): 0.000414815
Error in epoch 4: 0.00036271 (644.398 s)
Succesfully classified 9937 out of 10000
	Success rate: 99.37 %
	Error   rate: 0.63 %

(1000/60000): 0.000479447
(2000/60000): 0.000306021
(3000/60000): 0.000524806
(4000/60000): 0.000308813
(5000/60000): 0.000381237
(6000/60000): 0.000249345
(7000/60000): 0.000209096
(8000/60000): 0.000423039
(9000/60000): 0.000378435
(10000/60000): 0.00043917
(11000/60000): 0.000515807
(12000/60000): 0.000202983
(13000/60000): 0.000231022
(14000/60000): 0.000234258
(15000/60000): 0.000209479
(16000/60000): 0.000411116
(17000/60000): 0.000365332
(18000/60000): 0.000256149
(19000/60000): 0.000231964
(20000/60000): 0.00039394
(21000/60000): 0.000247661
(22000/60000): 0.00019812
(23000/60000): 0.000166537
(24000/60000): 0.000270805
(25000/60000): 0.000249381
(26000/60000): 0.000452158
(27000/60000): 0.000989366
(28000/60000): 0.000237321
(29000/60000): 0.000216667
(30000/60000): 0.000211424
(31000/60000): 0.000245378
(32000/60000): 0.000196528
(33000/60000): 0.000372201
(34000/60000): 0.000351345
(35000/60000): 0.000416986
(36000/60000): 0.00049222
(37000/60000): 0.000550384
(38000/60000): 0.000443464
(39000/60000): 0.000466844
(40000/60000): 0.000527676
(41000/60000): 0.000302019
(42000/60000): 0.000350002
(43000/60000): 0.000358822
(44000/60000): 0.000631058
(45000/60000): 0.000214897
(46000/60000): 0.000453477
(47000/60000): 0.000327642
(48000/60000): 0.000314306
(49000/60000): 0.000309562
(50000/60000): 0.000415247
(51000/60000): 0.000262441
(52000/60000): 0.000544836
(53000/60000): 0.000391014
(54000/60000): 0.000496439
(55000/60000): 0.000298237
(56000/60000): 0.000168678
(57000/60000): 0.000423861
(58000/60000): 0.000295401
(59000/60000): 0.000268738
(60000/60000): 0.000409356
Error in epoch 5: 0.000354834 (645.141 s)
Succesfully classified 9936 out of 10000
	Success rate: 99.36 %
	Error   rate: 0.64 %

Total training time: 3644.61 s