./../../TypeCNN -c net.xml -v ../../resources/cifar10/test_batch.bin -t ../../resources/cifar10/data_batch.bin -e 30 -s 1 --optimizer sgdm --loss-function MSE --periodic-validation --periodic-output 5000 --do-not-load --shuffle --keep-best -l 0.005 -d 0.001 --type-info
=== ForwardType ===
Min: 1.17549435082228750796873653722e-38
Max: 3.40282346638528859811704183485e+38
Eps: 1.1920928955078125e-07
=== BackwardType ===
Min: 1.17549435082228750796873653722e-38
Max: 3.40282346638528859811704183485e+38
Eps: 1.1920928955078125e-07
=== WeightType ===
Min: 1.17549435082228750796873653722e-38
Max: 3.40282346638528859811704183485e+38
Eps: 1.1920928955078125e-07

Succesfully classified 1000 out of 10000
	Success rate: 10 %
	Error   rate: 90 %

(5000/50000): 0.0931484
(10000/50000): 0.0906795
(15000/50000): 0.087226
(20000/50000): 0.0855511
(25000/50000): 0.084867
(30000/50000): 0.0841465
(35000/50000): 0.0833479
(40000/50000): 0.0822631
(45000/50000): 0.0805777
(50000/50000): 0.0788708
Error in epoch 1: 0.0850675 (1024.7 s)
Succesfully classified 3556 out of 10000
	Success rate: 35.56 %
	Error   rate: 64.44 %

(5000/50000): 0.0769827
(10000/50000): 0.0745493
(15000/50000): 0.0734672
(20000/50000): 0.0723385
(25000/50000): 0.0716513
(30000/50000): 0.0701355
(35000/50000): 0.0691239
(40000/50000): 0.069392
(45000/50000): 0.0688445
(50000/50000): 0.0681009
Error in epoch 2: 0.0714585 (1204.31 s)
Succesfully classified 5056 out of 10000
	Success rate: 50.56 %
	Error   rate: 49.44 %

(5000/50000): 0.0659751
(10000/50000): 0.0663906
(15000/50000): 0.0647744
(20000/50000): 0.0654085
(25000/50000): 0.0650621
(30000/50000): 0.0638125
(35000/50000): 0.0637737
(40000/50000): 0.0633307
(45000/50000): 0.0623764
(50000/50000): 0.0616647
Error in epoch 3: 0.0642567 (1266.35 s)
Succesfully classified 5245 out of 10000
	Success rate: 52.45 %
	Error   rate: 47.55 %

(5000/50000): 0.0603085
(10000/50000): 0.0605381
(15000/50000): 0.0614963
(20000/50000): 0.0595198
(25000/50000): 0.0600874
(30000/50000): 0.0597042
(35000/50000): 0.0588817
(40000/50000): 0.0586705
(45000/50000): 0.0585777
(50000/50000): 0.0582699
Error in epoch 4: 0.059605 (1285.49 s)
Succesfully classified 5827 out of 10000
	Success rate: 58.27 %
	Error   rate: 41.73 %

(5000/50000): 0.0567303
(10000/50000): 0.0560307
(15000/50000): 0.0567018
(20000/50000): 0.0558641
(25000/50000): 0.0566862
(30000/50000): 0.0553853
(35000/50000): 0.0569362
(40000/50000): 0.056634
(45000/50000): 0.0561226
(50000/50000): 0.0552615
Error in epoch 5: 0.0562357 (1309.27 s)
Succesfully classified 5885 out of 10000
	Success rate: 58.85 %
	Error   rate: 41.15 %

(5000/50000): 0.0530967
(10000/50000): 0.0541342
(15000/50000): 0.0538294
(20000/50000): 0.0543078
(25000/50000): 0.0538677
(30000/50000): 0.0535342
(35000/50000): 0.0539846
(40000/50000): 0.0528175
(45000/50000): 0.0526072
(50000/50000): 0.0545063
Error in epoch 6: 0.0536686 (1299.5 s)
Succesfully classified 6161 out of 10000
	Success rate: 61.61 %
	Error   rate: 38.39 %

(5000/50000): 0.0507338
(10000/50000): 0.050304
(15000/50000): 0.051466
(20000/50000): 0.0525533
(25000/50000): 0.0519887
(30000/50000): 0.053039
(35000/50000): 0.0520187
(40000/50000): 0.0525271
(45000/50000): 0.0512521
(50000/50000): 0.0519271
Error in epoch 7: 0.0517807 (1290.64 s)
Succesfully classified 6281 out of 10000
	Success rate: 62.81 %
	Error   rate: 37.19 %

(5000/50000): 0.049606
(10000/50000): 0.049637
(15000/50000): 0.0502529
(20000/50000): 0.0501792
(25000/50000): 0.0500901
(30000/50000): 0.050433
(35000/50000): 0.0507644
(40000/50000): 0.0494681
(45000/50000): 0.0500438
(50000/50000): 0.0498735
Error in epoch 8: 0.0500343 (1288.58 s)
Succesfully classified 6212 out of 10000
	Success rate: 62.12 %
	Error   rate: 37.88 %

(5000/50000): 0.0480169
(10000/50000): 0.0480067
(15000/50000): 0.0474851
(20000/50000): 0.0493324
(25000/50000): 0.0492754
(30000/50000): 0.0489169
(35000/50000): 0.0493522
(40000/50000): 0.048342
(45000/50000): 0.0492716
(50000/50000): 0.0489525
Error in epoch 9: 0.048695 (1284.44 s)
Succesfully classified 5852 out of 10000
	Success rate: 58.52 %
	Error   rate: 41.48 %

(5000/50000): 0.0471787
(10000/50000): 0.0476128
(15000/50000): 0.0463444
(20000/50000): 0.0486761
(25000/50000): 0.0478945
(30000/50000): 0.0480096
(35000/50000): 0.0477585
(40000/50000): 0.0479363
(45000/50000): 0.0480449
(50000/50000): 0.0476908
Error in epoch 10: 0.0477143 (1277.76 s)
Succesfully classified 6563 out of 10000
	Success rate: 65.63 %
	Error   rate: 34.37 %

(5000/50000): 0.04522
(10000/50000): 0.0461495
(15000/50000): 0.0475918
(20000/50000): 0.0473595
(25000/50000): 0.047158
(30000/50000): 0.0477606
(35000/50000): 0.0479075
(40000/50000): 0.0477398
(45000/50000): 0.046339
(50000/50000): 0.0471607
Error in epoch 11: 0.0470386 (1283.36 s)
Succesfully classified 6529 out of 10000
	Success rate: 65.29 %
	Error   rate: 34.71 %

(5000/50000): 0.0446559
(10000/50000): 0.0458137
(15000/50000): 0.0449118
(20000/50000): 0.0461155
(25000/50000): 0.0472203
(30000/50000): 0.0459627
(35000/50000): 0.0468645
(40000/50000): 0.0463721
(45000/50000): 0.0477058
(50000/50000): 0.0466118
Error in epoch 12: 0.046223 (1283 s)
Succesfully classified 6641 out of 10000
	Success rate: 66.41 %
	Error   rate: 33.59 %

(5000/50000): 0.0455801
(10000/50000): 0.0444683
(15000/50000): 0.0458428
(20000/50000): 0.0462019
(25000/50000): 0.045862
(30000/50000): 0.0453561
(35000/50000): 0.0463941
(40000/50000): 0.0455041
(45000/50000): 0.0465553
(50000/50000): 0.0469443
Error in epoch 13: 0.0458706 (1274.81 s)
Succesfully classified 6655 out of 10000
	Success rate: 66.55 %
	Error   rate: 33.45 %

(5000/50000): 0.0420699
(10000/50000): 0.0452353
(15000/50000): 0.0453517
(20000/50000): 0.0456809
(25000/50000): 0.0458677
(30000/50000): 0.0466562
(35000/50000): 0.0458959
(40000/50000): 0.0450568
(45000/50000): 0.0458067
(50000/50000): 0.0449711
Error in epoch 14: 0.0452593 (1283.32 s)
Succesfully classified 6507 out of 10000
	Success rate: 65.07 %
	Error   rate: 34.93 %

(5000/50000): 0.0418009
(10000/50000): 0.0431365
(15000/50000): 0.0436592
(20000/50000): 0.0464939
(25000/50000): 0.0448417
(30000/50000): 0.0459865
(35000/50000): 0.0456973
(40000/50000): 0.0453177
(45000/50000): 0.0448251
(50000/50000): 0.0461868
Error in epoch 15: 0.0447943 (1291.85 s)
Succesfully classified 6530 out of 10000
	Success rate: 65.3 %
	Error   rate: 34.7 %

(5000/50000): 0.0421834
(10000/50000): 0.0435185
(15000/50000): 0.0441917
(20000/50000): 0.0448918
(25000/50000): 0.0446898
(30000/50000): 0.0446466
(35000/50000): 0.0442842
(40000/50000): 0.0454862
(45000/50000): 0.0445995
(50000/50000): 0.045954
Error in epoch 16: 0.0444443 (1291.65 s)
Succesfully classified 6776 out of 10000
	Success rate: 67.76 %
	Error   rate: 32.24 %

(5000/50000): 0.0418331
(10000/50000): 0.0421149
(15000/50000): 0.043713
(20000/50000): 0.0434839
(25000/50000): 0.0439579
(30000/50000): 0.0455423
(35000/50000): 0.0460951
(40000/50000): 0.0451818
(45000/50000): 0.0445911
(50000/50000): 0.0446849
Error in epoch 17: 0.0441196 (1354.29 s)
Succesfully classified 6350 out of 10000
	Success rate: 63.5 %
	Error   rate: 36.5 %

(5000/50000): 0.0418353
(10000/50000): 0.0427631
(15000/50000): 0.0426967
(20000/50000): 0.0431958
(25000/50000): 0.0441908
(30000/50000): 0.0448238
(35000/50000): 0.0445391
(40000/50000): 0.0446547
(45000/50000): 0.0448449
(50000/50000): 0.0443262
Error in epoch 18: 0.0437866 (1289.34 s)
Succesfully classified 6254 out of 10000
	Success rate: 62.54 %
	Error   rate: 37.46 %

(5000/50000): 0.0417811
(10000/50000): 0.0427064
(15000/50000): 0.0434055
(20000/50000): 0.0434624
(25000/50000): 0.0419953
(30000/50000): 0.0442503
(35000/50000): 0.045748
(40000/50000): 0.0441909
(45000/50000): 0.0453802
(50000/50000): 0.0444901
Error in epoch 19: 0.0437408 (1280.62 s)
Succesfully classified 6713 out of 10000
	Success rate: 67.13 %
	Error   rate: 32.87 %

(5000/50000): 0.0430738
(10000/50000): 0.0415785
(15000/50000): 0.0428338
(20000/50000): 0.0440496
(25000/50000): 0.0431152
(30000/50000): 0.0431739
(35000/50000): 0.0436642
(40000/50000): 0.0441462
(45000/50000): 0.044077
(50000/50000): 0.0440695
Error in epoch 20: 0.0433781 (1277.82 s)
Succesfully classified 6651 out of 10000
	Success rate: 66.51 %
	Error   rate: 33.49 %

(5000/50000): 0.0413844
(10000/50000): 0.0410445
(15000/50000): 0.0422079
(20000/50000): 0.0440611
(25000/50000): 0.0439498
(30000/50000): 0.043303
(35000/50000): 0.0435719
(40000/50000): 0.0435734
(45000/50000): 0.0434434
(50000/50000): 0.0448354
Error in epoch 21: 0.043137 (1282.48 s)
Succesfully classified 6498 out of 10000
	Success rate: 64.98 %
	Error   rate: 35.02 %

(5000/50000): 0.0408548
(10000/50000): 0.0413468
(15000/50000): 0.0437916
(20000/50000): 0.0435872
(25000/50000): 0.0432574
(30000/50000): 0.0436556
(35000/50000): 0.0430159
(40000/50000): 0.0439482
(45000/50000): 0.0430012
(50000/50000): 0.0440661
Error in epoch 22: 0.0430523 (1281.27 s)
Succesfully classified 6656 out of 10000
	Success rate: 66.56 %
	Error   rate: 33.44 %

(5000/50000): 0.0410058
(10000/50000): 0.0421987
(15000/50000): 0.0422299
(20000/50000): 0.0433701
(25000/50000): 0.0431182
(30000/50000): 0.0432961
(35000/50000): 0.0441805
(40000/50000): 0.0440145
(45000/50000): 0.043926
(50000/50000): 0.044798
Error in epoch 23: 0.0432134 (1288.24 s)
Succesfully classified 6499 out of 10000
	Success rate: 64.99 %
	Error   rate: 35.01 %

(5000/50000): 0.0407201
(10000/50000): 0.040627
(15000/50000): 0.0414587
(20000/50000): 0.0421563
(25000/50000): 0.0434319
(30000/50000): 0.0432
(35000/50000): 0.0434397
(40000/50000): 0.0438744
(45000/50000): 0.0430943
(50000/50000): 0.0447082
Error in epoch 24: 0.0426709 (1274.47 s)
Succesfully classified 6692 out of 10000
	Success rate: 66.92 %
	Error   rate: 33.08 %

(5000/50000): 0.0403009
(10000/50000): 0.040915
(15000/50000): 0.0415445
(20000/50000): 0.042259
(25000/50000): 0.0425862
(30000/50000): 0.0435243
(35000/50000): 0.0446895
(40000/50000): 0.0430227
(45000/50000): 0.0431449
(50000/50000): 0.0435923
Error in epoch 25: 0.0425578 (1269.06 s)
Succesfully classified 6403 out of 10000
	Success rate: 64.03 %
	Error   rate: 35.97 %

(5000/50000): 0.0398946
(10000/50000): 0.0405734
(15000/50000): 0.0420048
(20000/50000): 0.0412289
(25000/50000): 0.0422231
(30000/50000): 0.0436118
(35000/50000): 0.0429043
(40000/50000): 0.0425309
(45000/50000): 0.0439423
(50000/50000): 0.0436668
Error in epoch 26: 0.0422579 (1277.27 s)
Succesfully classified 6765 out of 10000
	Success rate: 67.65 %
	Error   rate: 32.35 %

(5000/50000): 0.0393453
(10000/50000): 0.0401146
(15000/50000): 0.0417256
(20000/50000): 0.0417199
(25000/50000): 0.0425079
(30000/50000): 0.0424271
(35000/50000): 0.042978
(40000/50000): 0.0435714
(45000/50000): 0.0434813
(50000/50000): 0.0430374
Error in epoch 27: 0.0420907 (1268.95 s)
Succesfully classified 6487 out of 10000
	Success rate: 64.87 %
	Error   rate: 35.13 %

(5000/50000): 0.0389908
(10000/50000): 0.0413817
(15000/50000): 0.0412245
(20000/50000): 0.042106
(25000/50000): 0.0437289
(30000/50000): 0.0420504
(35000/50000): 0.0426701
(40000/50000): 0.0414974
(45000/50000): 0.04319
(50000/50000): 0.0442372
Error in epoch 28: 0.0421077 (1277.5 s)
Succesfully classified 6784 out of 10000
	Success rate: 67.84 %
	Error   rate: 32.16 %

(5000/50000): 0.0408452
(10000/50000): 0.0407597
(15000/50000): 0.0404919
(20000/50000): 0.0415334
(25000/50000): 0.0412634
(30000/50000): 0.0418742
(35000/50000): 0.0427588
(40000/50000): 0.0432483
(45000/50000): 0.0425201
(50000/50000): 0.0435396
Error in epoch 29: 0.0418831 (1281.04 s)
Succesfully classified 6733 out of 10000
	Success rate: 67.33 %
	Error   rate: 32.67 %

(5000/50000): 0.0386589
(10000/50000): 0.0419481
(15000/50000): 0.0405372
(20000/50000): 0.0422363
(25000/50000): 0.0420214
(30000/50000): 0.042742
(35000/50000): 0.0434062
(40000/50000): 0.0433042
(45000/50000): 0.0428588
(50000/50000): 0.0422007
Error in epoch 30: 0.0419912 (1273.28 s)
Succesfully classified 6756 out of 10000
	Success rate: 67.56 %
	Error   rate: 32.44 %

Total training time: 44217.3 s

./TypeCNN -v resources/cifar10/test_batch.bin -c net.xml --type-info -t resources/cifar10/data_batch.bin --optimizer sgd --periodic-output 1000 -l 0.001 --periodic-validation --keep-best -e 5
=== ForwardType ===
Min: 1.17549435082228750796873653722e-38
Max: 3.40282346638528859811704183485e+38
Eps: 1.1920928955078125e-07
=== BackwardType ===
Min: 1.17549435082228750796873653722e-38
Max: 3.40282346638528859811704183485e+38
Eps: 1.1920928955078125e-07
=== WeightType ===
Min: 1.17549435082228750796873653722e-38
Max: 3.40282346638528859811704183485e+38
Eps: 1.1920928955078125e-07

Succesfully classified 6784 out of 10000
	Success rate: 67.84 %
	Error   rate: 32.16 %

(1000/50000): 0.0363071
(2000/50000): 0.03367
(3000/50000): 0.0342032
(4000/50000): 0.0357407
(5000/50000): 0.033814
(6000/50000): 0.0345339
(7000/50000): 0.0328429
(8000/50000): 0.033062
(9000/50000): 0.0338434
(10000/50000): 0.032955
(11000/50000): 0.0345188
(12000/50000): 0.034042
(13000/50000): 0.0331688
(14000/50000): 0.0326061
(15000/50000): 0.0325597
(16000/50000): 0.0326521
(17000/50000): 0.0316154
(18000/50000): 0.0316139
(19000/50000): 0.0341009
(20000/50000): 0.0340025
(21000/50000): 0.0310744
(22000/50000): 0.0334169
(23000/50000): 0.033204
(24000/50000): 0.0313495
(25000/50000): 0.0313287
(26000/50000): 0.0332216
(27000/50000): 0.0299879
(28000/50000): 0.0319511
(29000/50000): 0.0317215
(30000/50000): 0.0290201
(31000/50000): 0.0323232
(32000/50000): 0.0316792
(33000/50000): 0.0335904
(34000/50000): 0.0344429
(35000/50000): 0.032796
(36000/50000): 0.0314295
(37000/50000): 0.0310654
(38000/50000): 0.0330619
(39000/50000): 0.0309993
(40000/50000): 0.0336812
(41000/50000): 0.0319663
(42000/50000): 0.0309907
(43000/50000): 0.0319693
(44000/50000): 0.03167
(45000/50000): 0.0311449
(46000/50000): 0.0284822
(47000/50000): 0.031566
(48000/50000): 0.0316117
(49000/50000): 0.0288498
(50000/50000): 0.0302334
Error in epoch 1: 0.0324334 (1291.57 s)
Succesfully classified 7219 out of 10000
	Success rate: 72.19 %
	Error   rate: 27.81 %

(1000/50000): 0.0302809
(2000/50000): 0.0295237
(3000/50000): 0.0298342
(4000/50000): 0.0324552
(5000/50000): 0.0296043
(6000/50000): 0.0314635
(7000/50000): 0.02934
(8000/50000): 0.0301288
(9000/50000): 0.0302211
(10000/50000): 0.0305655
(11000/50000): 0.0322269
(12000/50000): 0.0312788
(13000/50000): 0.0309025
(14000/50000): 0.0305623
(15000/50000): 0.0300022
(16000/50000): 0.031055
(17000/50000): 0.0296712
(18000/50000): 0.0301016
(19000/50000): 0.031001
(20000/50000): 0.0319168
(21000/50000): 0.0289268
(22000/50000): 0.0311581
(23000/50000): 0.0317352
(24000/50000): 0.029452
(25000/50000): 0.0293116
(26000/50000): 0.0311624
(27000/50000): 0.0288429
(28000/50000): 0.0305786
(29000/50000): 0.0300782
(30000/50000): 0.0272787
(31000/50000): 0.0306355
(32000/50000): 0.030028
(33000/50000): 0.0324057
(34000/50000): 0.033659
(35000/50000): 0.0322348
(36000/50000): 0.0306974
(37000/50000): 0.0297835
(38000/50000): 0.0313443
(39000/50000): 0.0297986
(40000/50000): 0.0312781
(41000/50000): 0.0296662
(42000/50000): 0.0291845
(43000/50000): 0.0303547
(44000/50000): 0.0303221
(45000/50000): 0.0296695
(46000/50000): 0.0266262
(47000/50000): 0.0303885
(48000/50000): 0.0308641
(49000/50000): 0.0277008
(50000/50000): 0.0285218
Error in epoch 2: 0.0303161 (1248.97 s)
Succesfully classified 7245 out of 10000
	Success rate: 72.45 %
	Error   rate: 27.55 %

(1000/50000): 0.0285183
(2000/50000): 0.0281058
(3000/50000): 0.0286093
(4000/50000): 0.0312413
(5000/50000): 0.0282732
(6000/50000): 0.0310082
(7000/50000): 0.0280889
(8000/50000): 0.0286711
(9000/50000): 0.0298882
(10000/50000): 0.0293776
(11000/50000): 0.0306823
(12000/50000): 0.0300823
(13000/50000): 0.0299172
(14000/50000): 0.0297458
(15000/50000): 0.0288186
(16000/50000): 0.029414
(17000/50000): 0.0287648
(18000/50000): 0.0290079
(19000/50000): 0.0310008
(20000/50000): 0.0305363
(21000/50000): 0.0282824
(22000/50000): 0.0306775
(23000/50000): 0.0305346
(24000/50000): 0.0281432
(25000/50000): 0.028748
(26000/50000): 0.0304356
(27000/50000): 0.0281362
(28000/50000): 0.0301522
(29000/50000): 0.0283929
(30000/50000): 0.0263147
(31000/50000): 0.0295445
(32000/50000): 0.0299907
(33000/50000): 0.0307282
(34000/50000): 0.0321955
(35000/50000): 0.0307248
(36000/50000): 0.0289782
(37000/50000): 0.0296892
(38000/50000): 0.0307306
(39000/50000): 0.0287638
(40000/50000): 0.0309785
(41000/50000): 0.029768
(42000/50000): 0.0288009
(43000/50000): 0.0298311
(44000/50000): 0.0289072
(45000/50000): 0.0286178
(46000/50000): 0.0261378
(47000/50000): 0.0292631
(48000/50000): 0.0298158
(49000/50000): 0.0270515
(50000/50000): 0.0278558
Error in epoch 3: 0.0293585 (1276.29 s)
Succesfully classified 7281 out of 10000
	Success rate: 72.81 %
	Error   rate: 27.19 %

(1000/50000): 0.0277155
(2000/50000): 0.027885
(3000/50000): 0.0281468
(4000/50000): 0.0305564
(5000/50000): 0.0276812
(6000/50000): 0.030076
(7000/50000): 0.0274439
(8000/50000): 0.0274285
(9000/50000): 0.0289768
(10000/50000): 0.0295729
(11000/50000): 0.0308645
(12000/50000): 0.0296801
(13000/50000): 0.0290361
(14000/50000): 0.0291834
(15000/50000): 0.0285218
(16000/50000): 0.0284252
(17000/50000): 0.0283919
(18000/50000): 0.028196
(19000/50000): 0.030103
(20000/50000): 0.0303261
(21000/50000): 0.0272793
(22000/50000): 0.03077
(23000/50000): 0.0306374
(24000/50000): 0.0276213
(25000/50000): 0.0275106
(26000/50000): 0.0303634
(27000/50000): 0.0268559
(28000/50000): 0.0289044
(29000/50000): 0.0282759
(30000/50000): 0.0255885
(31000/50000): 0.0292773
(32000/50000): 0.0288461
(33000/50000): 0.0308583
(34000/50000): 0.0317053
(35000/50000): 0.0300028
(36000/50000): 0.0291433
(37000/50000): 0.0284
(38000/50000): 0.0302291
(39000/50000): 0.0281407
(40000/50000): 0.0297389
(41000/50000): 0.0288531
(42000/50000): 0.0280654
(43000/50000): 0.0300124
(44000/50000): 0.0297028
(45000/50000): 0.0282938
(46000/50000): 0.025678
(47000/50000): 0.0294287
(48000/50000): 0.0303013
(49000/50000): 0.025901
(50000/50000): 0.0275219
Error in epoch 4: 0.0288422 (1262.67 s)
Succesfully classified 7285 out of 10000
	Success rate: 72.85 %
	Error   rate: 27.15 %

(1000/50000): 0.0277513
(2000/50000): 0.0270561
(3000/50000): 0.0268722
(4000/50000): 0.0304011
(5000/50000): 0.0271638
(6000/50000): 0.0289841
(7000/50000): 0.0265396
(8000/50000): 0.0275413
(9000/50000): 0.0286165
(10000/50000): 0.0283375
(11000/50000): 0.0296851
(12000/50000): 0.0283314
(13000/50000): 0.0290074
(14000/50000): 0.0285676
(15000/50000): 0.0285043
(16000/50000): 0.0283139
(17000/50000): 0.02682
(18000/50000): 0.0277566
(19000/50000): 0.0288743
(20000/50000): 0.0294136
(21000/50000): 0.0264257
(22000/50000): 0.0297709
(23000/50000): 0.0298562
(24000/50000): 0.0271636
(25000/50000): 0.0274181
(26000/50000): 0.0295583
(27000/50000): 0.0273257
(28000/50000): 0.0284343
(29000/50000): 0.0277446
(30000/50000): 0.0253183
(31000/50000): 0.0282583
(32000/50000): 0.0284076
(33000/50000): 0.0301208
(34000/50000): 0.030972
(35000/50000): 0.029698
(36000/50000): 0.0283303
(37000/50000): 0.0282898
(38000/50000): 0.0296097
(39000/50000): 0.0277279
(40000/50000): 0.0296986
(41000/50000): 0.028767
(42000/50000): 0.0277912
(43000/50000): 0.0292724
(44000/50000): 0.028323
(45000/50000): 0.0282993
(46000/50000): 0.0251439
(47000/50000): 0.0290433
(48000/50000): 0.0289318
(49000/50000): 0.0259867
(50000/50000): 0.0263211
Error in epoch 5: 0.0282507 (1264.45 s)
Succesfully classified 7307 out of 10000
	Success rate: 73.07 %
	Error   rate: 26.93 %

Total training time: 7467.3 s