./TypeCNN_fixed -v resources/cifar10/test_batch.bin -c net.xml --type-info -t resources/cifar10/data_batch.bin --optimizer sgd --periodic-output 1000 -l 0.001 --periodic-validation --keep-best -e 5
=== ForwardType ===
Min: -128
Max: 127.99609375
Eps: 0.00390625
=== BackwardType ===
Min: 1.17549435082228750796873653722e-38
Max: 3.40282346638528859811704183485e+38
Eps: 1.1920928955078125e-07
=== WeightType ===
Min: -128
Max: 127.99609375
Eps: 0.00390625

Succesfully classified 2343 out of 10000
	Success rate: 23.43 %
	Error   rate: 76.57 %

(1000/50000): 0.0976622
(2000/50000): 0.0950707
(3000/50000): 0.0871136
(4000/50000): 0.0749564
(5000/50000): 0.0648686
(6000/50000): 0.059836
(7000/50000): 0.0561906
(8000/50000): 0.0513946
(9000/50000): 0.0474078
(10000/50000): 0.0485371
(11000/50000): 0.0479371
(12000/50000): 0.0450226
(13000/50000): 0.0445653
(14000/50000): 0.0433384
(15000/50000): 0.0418245
(16000/50000): 0.0432223
(17000/50000): 0.0402081
(18000/50000): 0.040171
(19000/50000): 0.0396002
(20000/50000): 0.0398993
(21000/50000): 0.0391923
(22000/50000): 0.0393957
(23000/50000): 0.0398041
(24000/50000): 0.0360452
(25000/50000): 0.0377759
(26000/50000): 0.0381078
(27000/50000): 0.0360074
(28000/50000): 0.0379166
(29000/50000): 0.0362518
(30000/50000): 0.0348513
(31000/50000): 0.0369622
(32000/50000): 0.0383241
(33000/50000): 0.038917
(34000/50000): 0.0394154
(35000/50000): 0.0358319
(36000/50000): 0.0369195
(37000/50000): 0.0353327
(38000/50000): 0.0373548
(39000/50000): 0.0347136
(40000/50000): 0.0365019
(41000/50000): 0.0357165
(42000/50000): 0.0346111
(43000/50000): 0.036072
(44000/50000): 0.0353881
(45000/50000): 0.0351539
(46000/50000): 0.0319139
(47000/50000): 0.0357221
(48000/50000): 0.0355272
(49000/50000): 0.0325074
(50000/50000): 0.0332757
Error in epoch 1: 0.044006 (933.796 s)
Succesfully classified 7163 out of 10000
	Success rate: 71.63 %
	Error   rate: 28.37 %

(1000/50000): 0.0342454
(2000/50000): 0.0338651
(3000/50000): 0.0327542
(4000/50000): 0.0355783
(5000/50000): 0.0337536
(6000/50000): 0.0340626
(7000/50000): 0.0325819
(8000/50000): 0.0324043
(9000/50000): 0.0314657
(10000/50000): 0.0328558
(11000/50000): 0.0349146
(12000/50000): 0.0312613
(13000/50000): 0.0332619
(14000/50000): 0.0325136
(15000/50000): 0.0321664
(16000/50000): 0.0326056
(17000/50000): 0.0316722
(18000/50000): 0.0327539
(19000/50000): 0.0335958
(20000/50000): 0.033617
(21000/50000): 0.0319964
(22000/50000): 0.0336285
(23000/50000): 0.0336058
(24000/50000): 0.0305311
(25000/50000): 0.0320812
(26000/50000): 0.0325116
(27000/50000): 0.0308639
(28000/50000): 0.0316045
(29000/50000): 0.0305415
(30000/50000): 0.0294786
(31000/50000): 0.0321349
(32000/50000): 0.0328954
(33000/50000): 0.0336818
(34000/50000): 0.0350035
(35000/50000): 0.0332737
(36000/50000): 0.0320977
(37000/50000): 0.0313519
(38000/50000): 0.0330948
(39000/50000): 0.0303036
(40000/50000): 0.0328377
(41000/50000): 0.0318267
(42000/50000): 0.0307717
(43000/50000): 0.0322198
(44000/50000): 0.0312554
(45000/50000): 0.0326537
(46000/50000): 0.0291548
(47000/50000): 0.0331908
(48000/50000): 0.0320257
(49000/50000): 0.029166
(50000/50000): 0.0297242
Error in epoch 2: 0.0323486 (921.8 s)
Succesfully classified 7247 out of 10000
	Success rate: 72.47 %
	Error   rate: 27.53 %

(1000/50000): 0.0315364
(2000/50000): 0.0298894
(3000/50000): 0.0308486
(4000/50000): 0.0327365
(5000/50000): 0.0313942
(6000/50000): 0.0318186
(7000/50000): 0.0297616
(8000/50000): 0.0295318
(9000/50000): 0.0293383
(10000/50000): 0.0300058
(11000/50000): 0.0330232
(12000/50000): 0.0298823
(13000/50000): 0.0316436
(14000/50000): 0.0310468
(15000/50000): 0.0302771
(16000/50000): 0.0302207
(17000/50000): 0.0289148
(18000/50000): 0.0302926
(19000/50000): 0.0317137
(20000/50000): 0.0317237
(21000/50000): 0.029166
(22000/50000): 0.0322924
(23000/50000): 0.0322943
(24000/50000): 0.028096
(25000/50000): 0.0304884
(26000/50000): 0.0310736
(27000/50000): 0.0295446
(28000/50000): 0.0292681
(29000/50000): 0.0296477
(30000/50000): 0.0274974
(31000/50000): 0.0298025
(32000/50000): 0.031017
(33000/50000): 0.0315867
(34000/50000): 0.0330515
(35000/50000): 0.0309834
(36000/50000): 0.0317488
(37000/50000): 0.0299492
(38000/50000): 0.0314202
(39000/50000): 0.0287249
(40000/50000): 0.0316245
(41000/50000): 0.0295002
(42000/50000): 0.0297954
(43000/50000): 0.0308385
(44000/50000): 0.0302461
(45000/50000): 0.03062
(46000/50000): 0.0279891
(47000/50000): 0.0317737
(48000/50000): 0.0308009
(49000/50000): 0.0279257
(50000/50000): 0.029003
Error in epoch 3: 0.0304676 (770.07 s)
Succesfully classified 7306 out of 10000
	Success rate: 73.06 %
	Error   rate: 26.94 %

(1000/50000): 0.0297268
(2000/50000): 0.0285271
(3000/50000): 0.0279176
(4000/50000): 0.0320093
(5000/50000): 0.029376
(6000/50000): 0.0294644
(7000/50000): 0.0278362
(8000/50000): 0.0288477
(9000/50000): 0.0278629
(10000/50000): 0.0293497
(11000/50000): 0.0314105
(12000/50000): 0.0295053
(13000/50000): 0.0296719
(14000/50000): 0.0293639
(15000/50000): 0.0291034
(16000/50000): 0.0289091
(17000/50000): 0.0275192
(18000/50000): 0.029232
(19000/50000): 0.0300731
(20000/50000): 0.0303917
(21000/50000): 0.0282858
(22000/50000): 0.0313554
(23000/50000): 0.031318
(24000/50000): 0.0277182
(25000/50000): 0.0291214
(26000/50000): 0.0299833
(27000/50000): 0.0287433
(28000/50000): 0.0291967
(29000/50000): 0.0282819
(30000/50000): 0.026915
(31000/50000): 0.0287967
(32000/50000): 0.0295902
(33000/50000): 0.0303823
(34000/50000): 0.0325218
(35000/50000): 0.0306567
(36000/50000): 0.0305286
(37000/50000): 0.0291696
(38000/50000): 0.0311841
(39000/50000): 0.0280132
(40000/50000): 0.0304906
(41000/50000): 0.0290962
(42000/50000): 0.0285785
(43000/50000): 0.0297331
(44000/50000): 0.0297939
(45000/50000): 0.0297249
(46000/50000): 0.0267479
(47000/50000): 0.0301483
(48000/50000): 0.0303842
(49000/50000): 0.0266831
(50000/50000): 0.0273045
Error in epoch 4: 0.0293307 (725.044 s)
Succesfully classified 7342 out of 10000
	Success rate: 73.42 %
	Error   rate: 26.58 %

(1000/50000): 0.0288712
(2000/50000): 0.0271962
(3000/50000): 0.0271842
(4000/50000): 0.0304563
(5000/50000): 0.0283987
(6000/50000): 0.0299149
(7000/50000): 0.026857
(8000/50000): 0.0284121
(9000/50000): 0.0279785
(10000/50000): 0.0293539
(11000/50000): 0.0312258
(12000/50000): 0.0287771
(13000/50000): 0.0295852
(14000/50000): 0.0291334
(15000/50000): 0.0284261
(16000/50000): 0.0280755
(17000/50000): 0.0276044
(18000/50000): 0.028396
(19000/50000): 0.0297553
(20000/50000): 0.0293162
(21000/50000): 0.0271516
(22000/50000): 0.0298305
(23000/50000): 0.0302294
(24000/50000): 0.0271045
(25000/50000): 0.0279994
(26000/50000): 0.0286202
(27000/50000): 0.0275951
(28000/50000): 0.0282526
(29000/50000): 0.0274385
(30000/50000): 0.0256436
(31000/50000): 0.0284007
(32000/50000): 0.0288318
(33000/50000): 0.0304269
(34000/50000): 0.0319859
(35000/50000): 0.0295802
(36000/50000): 0.0300021
(37000/50000): 0.0286457
(38000/50000): 0.0304314
(39000/50000): 0.0277289
(40000/50000): 0.0301254
(41000/50000): 0.0284773
(42000/50000): 0.027901
(43000/50000): 0.0299241
(44000/50000): 0.028207
(45000/50000): 0.0289845
(46000/50000): 0.0263842
(47000/50000): 0.0304796
(48000/50000): 0.0296272
(49000/50000): 0.0256683
(50000/50000): 0.0271306
Error in epoch 5: 0.0286744 (747.691 s)
Succesfully classified 7326 out of 10000
	Success rate: 73.26 %
	Error   rate: 26.74 %

Total training time: 4808.96 s
