./TypeCNN_fixed -v resources/cifar10/test_batch.bin -c net.xml --type-info -t resources/cifar10/data_batch.bin --optimizer sgd --periodic-output 1000 -l 0.001 --periodic-validation --keep-best -e 5
=== ForwardType ===
Min: -128
Max: 127.99609375
Eps: 0.00390625
=== BackwardType ===
Min: 1.17549435082228750796873653722e-38
Max: 3.40282346638528859811704183485e+38
Eps: 1.1920928955078125e-07
=== WeightType ===
Min: -128
Max: 127.99609375
Eps: 0.00390625

Succesfully classified 7342 out of 10000
	Success rate: 73.42 %
	Error   rate: 26.58 %

(1000/50000): 0.0318633
(2000/50000): 0.0287701
(3000/50000): 0.0284733
(4000/50000): 0.031787
(5000/50000): 0.0298991
(6000/50000): 0.0300026
(7000/50000): 0.0283209
(8000/50000): 0.0289754
(9000/50000): 0.0284716
(10000/50000): 0.0302306
(11000/50000): 0.0317045
(12000/50000): 0.0292167
(13000/50000): 0.0302502
(14000/50000): 0.0302554
(15000/50000): 0.0288242
(16000/50000): 0.0290085
(17000/50000): 0.0276628
(18000/50000): 0.029007
(19000/50000): 0.0310117
(20000/50000): 0.0302138
(21000/50000): 0.027615
(22000/50000): 0.0299194
(23000/50000): 0.0314864
(24000/50000): 0.0269564
(25000/50000): 0.0285517
(26000/50000): 0.0291625
(27000/50000): 0.0271921
(28000/50000): 0.0290517
(29000/50000): 0.027927
(30000/50000): 0.0259147
(31000/50000): 0.0283657
(32000/50000): 0.0298497
(33000/50000): 0.0303441
(34000/50000): 0.0320625
(35000/50000): 0.0308253
(36000/50000): 0.0302803
(37000/50000): 0.0290764
(38000/50000): 0.0306743
(39000/50000): 0.0277093
(40000/50000): 0.0300333
(41000/50000): 0.0287213
(42000/50000): 0.0279784
(43000/50000): 0.0304359
(44000/50000): 0.0290295
(45000/50000): 0.0288797
(46000/50000): 0.0268024
(47000/50000): 0.0298779
(48000/50000): 0.0297934
(49000/50000): 0.0263483
(50000/50000): 0.0268706
Error in epoch 1: 0.0292336 (693.859 s)
Succesfully classified 7354 out of 10000
	Success rate: 73.54 %
	Error   rate: 26.46 %