================= Base net training ==============
SGDM set to 0.005, 0.9, 0.0
=== ForwardType ===
Min: 1.17549435082228750796873653722e-38
Max: 3.40282346638528859811704183485e+38
Eps: 1.1920928955078125e-07
=== BackwardType ===
Min: 1.17549435082228750796873653722e-38
Max: 3.40282346638528859811704183485e+38
Eps: 1.1920928955078125e-07
=== WeightType ===
Min: 1.17549435082228750796873653722e-38
Max: 3.40282346638528859811704183485e+38
Eps: 1.1920928955078125e-07
=== Training ===
Succesfully classified 892 out of 10000
	Success rate: 8.92 %
	Error   rate: 91.08 %

(5000/60000): 0.0925028
(10000/60000): 0.0905995
(15000/60000): 0.0904368
(20000/60000): 0.0896091
(25000/60000): 0.03909
(30000/60000): 0.0162345
(35000/60000): 0.011308
(40000/60000): 0.00982369
(45000/60000): 0.00890702
(50000/60000): 0.00748076
(55000/60000): 0.00728899
(60000/60000): 0.0061188
Error in epoch 1: 0.0391151 (573.505 s)
Succesfully classified 9721 out of 10000
	Success rate: 97.21 %
	Error   rate: 2.79 %

(5000/60000): 0.00566505
(10000/60000): 0.00567944
(15000/60000): 0.0052364
(20000/60000): 0.00500419
(25000/60000): 0.00506632
(30000/60000): 0.0045417
(35000/60000): 0.00445632
(40000/60000): 0.00419759
(45000/60000): 0.00419911
(50000/60000): 0.00382696
(55000/60000): 0.003714
(60000/60000): 0.00326288
Error in epoch 2: 0.00457084 (680.945 s)
Succesfully classified 9844 out of 10000
	Success rate: 98.44 %
	Error   rate: 1.56001 %

(5000/60000): 0.0031857
(10000/60000): 0.00340189
(15000/60000): 0.00314912
(20000/60000): 0.00312665
(25000/60000): 0.00295233
(30000/60000): 0.00272819
(35000/60000): 0.00308338
(40000/60000): 0.0031933
(45000/60000): 0.00252473
(50000/60000): 0.0027101
(55000/60000): 0.00285406
(60000/60000): 0.00204836
Error in epoch 3: 0.00291314 (712.791 s)
Succesfully classified 9822 out of 10000
	Success rate: 98.22 %
	Error   rate: 1.78 %

(5000/60000): 0.00246475
(10000/60000): 0.00254313
(15000/60000): 0.00239175
(20000/60000): 0.00250028
(25000/60000): 0.00252095
(30000/60000): 0.00208852
(35000/60000): 0.00211486
(40000/60000): 0.00203222
(45000/60000): 0.002192
(50000/60000): 0.00214769
(55000/60000): 0.00197539
(60000/60000): 0.0023992
Error in epoch 4: 0.00228088 (714.728 s)
Succesfully classified 9879 out of 10000
	Success rate: 98.79 %
	Error   rate: 1.21 %

(5000/60000): 0.00204909
(10000/60000): 0.00167757
(15000/60000): 0.00165283
(20000/60000): 0.00151958
(25000/60000): 0.00204856
(30000/60000): 0.00215476
(35000/60000): 0.00173784
(40000/60000): 0.00144421
(45000/60000): 0.00222
(50000/60000): 0.00150806
(55000/60000): 0.00203904
(60000/60000): 0.00223615
Error in epoch 5: 0.0018573 (720.225 s)
Succesfully classified 9884 out of 10000
	Success rate: 98.84 %
	Error   rate: 1.16 %

(5000/60000): 0.00158237
(10000/60000): 0.00145496
(15000/60000): 0.00163085
(20000/60000): 0.00149421
(25000/60000): 0.00149225
(30000/60000): 0.00157814
(35000/60000): 0.0015284
(40000/60000): 0.00153563
(45000/60000): 0.00160826
(50000/60000): 0.00150209
(55000/60000): 0.00141686
(60000/60000): 0.00185679
Error in epoch 6: 0.00155673 (740.385 s)
Succesfully classified 9900 out of 10000
	Success rate: 99 %
	Error   rate: 1 %

(5000/60000): 0.00138495
(10000/60000): 0.00141316
(15000/60000): 0.00138082
(20000/60000): 0.00120471
(25000/60000): 0.00128859
(30000/60000): 0.00154944
(35000/60000): 0.00128011
(40000/60000): 0.00125288
(45000/60000): 0.00135924
(50000/60000): 0.00114035
(55000/60000): 0.00123445
(60000/60000): 0.00162217
Error in epoch 7: 0.00134257 (732.959 s)
Succesfully classified 9910 out of 10000
	Success rate: 99.1 %
	Error   rate: 0.900002 %

(5000/60000): 0.0011607
(10000/60000): 0.00104225
(15000/60000): 0.000975634
(20000/60000): 0.00108995
(25000/60000): 0.000977408
(30000/60000): 0.00111838
(35000/60000): 0.00107924
(40000/60000): 0.00103499
(45000/60000): 0.00127236
(50000/60000): 0.00118409
(55000/60000): 0.00145803
(60000/60000): 0.00158867
Error in epoch 8: 0.00116514 (747.325 s)
Succesfully classified 9882 out of 10000
	Success rate: 98.82 %
	Error   rate: 1.18 %

(5000/60000): 0.000975792
(10000/60000): 0.000931135
(15000/60000): 0.00121965
(20000/60000): 0.000907793
(25000/60000): 0.00106052
(30000/60000): 0.000945309
(35000/60000): 0.00101465
(40000/60000): 0.00128387
(45000/60000): 0.000970188
(50000/60000): 0.00105809
(55000/60000): 0.000788335
(60000/60000): 0.00100997
Error in epoch 9: 0.00101378 (752.854 s)
Succesfully classified 9900 out of 10000
	Success rate: 99 %
	Error   rate: 1 %

(5000/60000): 0.000859435
(10000/60000): 0.0010246
(15000/60000): 0.00105557
(20000/60000): 0.00087297
(25000/60000): 0.00101293
(30000/60000): 0.000983204
(35000/60000): 0.000978429
(40000/60000): 0.000639005
(45000/60000): 0.000751541
(50000/60000): 0.000983993
(55000/60000): 0.000989839
(60000/60000): 0.000898284
Error in epoch 10: 0.000920816 (753.808 s)
Succesfully classified 9925 out of 10000
	Success rate: 99.25 %
	Error   rate: 0.75 %

Total training time: 7939.75 s
